<html>
<head>
<title>TestNG:  Default test</title>
<link href="../testng.css" rel="stylesheet" type="text/css" />
<link href="../my-testng.css" rel="stylesheet" type="text/css" />

<style type="text/css">
.log { display: none;} 
.stack-trace { display: none;} 
</style>
<script type="text/javascript">
<!--
function flip(e) {
  current = e.style.display;
  if (current == 'block') {
    e.style.display = 'none';
    return 0;
  }
  else {
    e.style.display = 'block';
    return 1;
  }
}

function toggleBox(szDivId, elem, msg1, msg2)
{
  var res = -1;  if (document.getElementById) {
    res = flip(document.getElementById(szDivId));
  }
  else if (document.all) {
    // this is the way old msie versions work
    res = flip(document.all[szDivId]);
  }
  if(elem) {
    if(res == 0) elem.innerHTML = msg1; else elem.innerHTML = msg2;
  }

}

function toggleAllBoxes() {
  if (document.getElementsByTagName) {
    d = document.getElementsByTagName('div');
    for (i = 0; i < d.length; i++) {
      if (d[i].className == 'log') {
        flip(d[i]);
      }
    }
  }
}

// -->
</script>

</head>
<body>
<h2 align='center'>Default test</h2><table border='1' align="center">
<tr>
<td>Tests passed/Failed/Skipped:</td><td>21/3/0</td>
</tr><tr>
<td>Started on:</td><td>Mon May 05 22:50:07 IST 2025</td>
</tr>
<tr><td>Total time:</td><td>328 seconds (328418 ms)</td>
</tr><tr>
<td>Included groups:</td><td></td>
</tr><tr>
<td>Excluded groups:</td><td></td>
</tr>
</table><p/>
<small><i>(Hover the method name to see the test class name)</i></small><p/>
<table width='100%' border='1' class='invocation-failed'>
<tr><td colspan='4' align='center'><b>FAILED TESTS</b></td></tr>
<tr><td><b>Test method</b></td>
<td><b>Attribute(s)</b></td>
<td width="30%"><b>Exception</b></td>
<td width="10%"><b>Time (seconds)</b></td>
<td><b>Instance</b></td>
</tr>
<tr>
<td title='com.Runner.runnerTestNG.runScenario()'><b>runScenario</b><br>Test class: com.Runner.runnerTestNG<br>Test method: Runs Cucumber Scenarios<br>Parameters: "View Recent products as list", "Laksitha_12APR2025_DemoWebShop_HomePageFunctionality"</td>
<td><div><pre>org.openqa.selenium.NoSuchElementException: no such element: Unable to locate element: {&quot;method&quot;:&quot;xpath&quot;,&quot;selector&quot;:&quot;(//h2[@class=&quot;product-title&quot;]//child::a)[4]&quot;}
  (Session info: chrome=136.0.7103.49)
For documentation on this error, please visit: https://www.selenium.dev/documentation/webdriver/troubleshooting/errors#no-such-element-exception
Build info: version: &apos;4.31.0&apos;, revision: &apos;1ef9f18787*&apos;
System info: os.name: &apos;Windows 10&apos;, os.arch: &apos;amd64&apos;, os.version: &apos;10.0&apos;, java.version: &apos;17.0.6&apos;
Driver info: org.openqa.selenium.chrome.ChromeDriver
Command: [b91fade2de40d52828d5f1c926df20d2, findElement {value=(//h2[@class=&quot;product-title&quot;]//child::a)[4], using=xpath}]
Capabilities {acceptInsecureCerts: false, browserName: chrome, browserVersion: 136.0.7103.49, chrome: {chromedriverVersion: 136.0.7103.49 (031848bc6ad0..., userDataDir: C:\Users\ADMIN\AppData\Loca...}, fedcm:accounts: true, goog:chromeOptions: {debuggerAddress: localhost:53477}, networkConnectionEnabled: false, pageLoadStrategy: normal, platformName: windows, proxy: Proxy(), se:cdp: ws://localhost:53477/devtoo..., se:cdpVersion: 136.0.7103.49, setWindowRect: true, strictFileInteractability: false, timeouts: {implicit: 0, pageLoad: 300000, script: 30000}, unhandledPromptBehavior: dismiss and notify, webauthn:extension:credBlob: true, webauthn:extension:largeBlob: true, webauthn:extension:minPinLength: true, webauthn:extension:prf: true, webauthn:virtualAuthenticators: true}
Session ID: b91fade2de40d52828d5f1c926df20d2
	at java.base/jdk.internal.reflect.NativeConstructorAccessorImpl.newInstance0(Native Method)
	at java.base/jdk.internal.reflect.NativeConstructorAccessorImpl.newInstance(NativeConstructorAccessorImpl.java:77)
	at java.base/jdk.internal.reflect.DelegatingConstructorAccessorImpl.newInstance(DelegatingConstructorAccessorImpl.java:45)
	at java.base/java.lang.reflect.Constructor.newInstanceWithCaller(Constructor.java:499)
	at java.base/java.lang.reflect.Constructor.newInstance(Constructor.java:480)
	at org.openqa.selenium.remote.ErrorCodec.decode(ErrorCodec.java:167)
	at org.openqa.selenium.remote.codec.w3c.W3CHttpResponseCodec.decode(W3CHttpResponseCodec.java:138)
	at org.openqa.selenium.remote.codec.w3c.W3CHttpResponseCodec.decode(W3CHttpResponseCodec.java:50)
	at org.openqa.selenium.remote.HttpCommandExecutor.execute(HttpCommandExecutor.java:215)
	at org.openqa.selenium.remote.service.DriverCommandExecutor.invokeExecute(DriverCommandExecutor.java:216)
	at org.openqa.selenium.remote.service.DriverCommandExecutor.execute(DriverCommandExecutor.java:174)
	at org.openqa.selenium.remote.RemoteWebDriver.execute(RemoteWebDriver.java:545)
	at org.openqa.selenium.remote.ElementLocation$ElementFinder$2.findElement(ElementLocation.java:165)
	at org.openqa.selenium.remote.ElementLocation.findElement(ElementLocation.java:59)
	at org.openqa.selenium.remote.RemoteWebDriver.findElement(RemoteWebDriver.java:368)
	at org.openqa.selenium.remote.RemoteWebDriver.findElement(RemoteWebDriver.java:362)
	at org.openqa.selenium.support.pagefactory.DefaultElementLocator.findElement(DefaultElementLocator.java:68)
	at org.openqa.selenium.support.pagefactory.internal.LocatingElementHandler.invoke(LocatingElementHandler.java:38)
	at jdk.proxy2/jdk.proxy2.$Proxy27.click(Unknown Source)
	at com.Actions.BookPageAction.clickFictionBook(BookPageAction.java:44)
	at com.Definitions.HomeStepDefinition.click_the_product_link(HomeStepDefinition.java:150)
	at ✽.click the product link(file:///C:/Users/ADMIN/git/DemoWebShop-Cucumber/src/test/resources/Features/HomePage.feature:43)
</pre></div><a href='#' onClick='toggleBox("stack-trace312164632", this, "Click to show all stack frames", "Click to hide stack frames")'>Click to show all stack frames</a>
<div class='stack-trace' id='stack-trace312164632'><pre>org.openqa.selenium.NoSuchElementException: no such element: Unable to locate element: {&quot;method&quot;:&quot;xpath&quot;,&quot;selector&quot;:&quot;(//h2[@class=&quot;product-title&quot;]//child::a)[4]&quot;}
  (Session info: chrome=136.0.7103.49)
For documentation on this error, please visit: https://www.selenium.dev/documentation/webdriver/troubleshooting/errors#no-such-element-exception
Build info: version: &apos;4.31.0&apos;, revision: &apos;1ef9f18787*&apos;
System info: os.name: &apos;Windows 10&apos;, os.arch: &apos;amd64&apos;, os.version: &apos;10.0&apos;, java.version: &apos;17.0.6&apos;
Driver info: org.openqa.selenium.chrome.ChromeDriver
Command: [b91fade2de40d52828d5f1c926df20d2, findElement {value=(//h2[@class=&quot;product-title&quot;]//child::a)[4], using=xpath}]
Capabilities {acceptInsecureCerts: false, browserName: chrome, browserVersion: 136.0.7103.49, chrome: {chromedriverVersion: 136.0.7103.49 (031848bc6ad0..., userDataDir: C:\Users\ADMIN\AppData\Loca...}, fedcm:accounts: true, goog:chromeOptions: {debuggerAddress: localhost:53477}, networkConnectionEnabled: false, pageLoadStrategy: normal, platformName: windows, proxy: Proxy(), se:cdp: ws://localhost:53477/devtoo..., se:cdpVersion: 136.0.7103.49, setWindowRect: true, strictFileInteractability: false, timeouts: {implicit: 0, pageLoad: 300000, script: 30000}, unhandledPromptBehavior: dismiss and notify, webauthn:extension:credBlob: true, webauthn:extension:largeBlob: true, webauthn:extension:minPinLength: true, webauthn:extension:prf: true, webauthn:virtualAuthenticators: true}
Session ID: b91fade2de40d52828d5f1c926df20d2
	at java.base/jdk.internal.reflect.NativeConstructorAccessorImpl.newInstance0(Native Method)
	at java.base/jdk.internal.reflect.NativeConstructorAccessorImpl.newInstance(NativeConstructorAccessorImpl.java:77)
	at java.base/jdk.internal.reflect.DelegatingConstructorAccessorImpl.newInstance(DelegatingConstructorAccessorImpl.java:45)
	at java.base/java.lang.reflect.Constructor.newInstanceWithCaller(Constructor.java:499)
	at java.base/java.lang.reflect.Constructor.newInstance(Constructor.java:480)
	at org.openqa.selenium.remote.ErrorCodec.decode(ErrorCodec.java:167)
	at org.openqa.selenium.remote.codec.w3c.W3CHttpResponseCodec.decode(W3CHttpResponseCodec.java:138)
	at org.openqa.selenium.remote.codec.w3c.W3CHttpResponseCodec.decode(W3CHttpResponseCodec.java:50)
	at org.openqa.selenium.remote.HttpCommandExecutor.execute(HttpCommandExecutor.java:215)
	at org.openqa.selenium.remote.service.DriverCommandExecutor.invokeExecute(DriverCommandExecutor.java:216)
	at org.openqa.selenium.remote.service.DriverCommandExecutor.execute(DriverCommandExecutor.java:174)
	at org.openqa.selenium.remote.RemoteWebDriver.execute(RemoteWebDriver.java:545)
	at org.openqa.selenium.remote.ElementLocation$ElementFinder$2.findElement(ElementLocation.java:165)
	at org.openqa.selenium.remote.ElementLocation.findElement(ElementLocation.java:59)
	at org.openqa.selenium.remote.RemoteWebDriver.findElement(RemoteWebDriver.java:368)
	at org.openqa.selenium.remote.RemoteWebDriver.findElement(RemoteWebDriver.java:362)
	at org.openqa.selenium.support.pagefactory.DefaultElementLocator.findElement(DefaultElementLocator.java:68)
	at org.openqa.selenium.support.pagefactory.internal.LocatingElementHandler.invoke(LocatingElementHandler.java:38)
	at jdk.proxy2/jdk.proxy2.$Proxy27.click(Unknown Source)
	at com.Actions.BookPageAction.clickFictionBook(BookPageAction.java:44)
	at com.Definitions.HomeStepDefinition.click_the_product_link(HomeStepDefinition.java:150)
	at ✽.click the product link(file:///C:/Users/ADMIN/git/DemoWebShop-Cucumber/src/test/resources/Features/HomePage.feature:43)
</pre></div></td>
<td>124</td>
<td>com.Runner.runnerTestNG@1018bde2</td></tr>
<tr>
<td title='com.Runner.runnerTestNG.runScenario()'><b>runScenario</b><br>Test class: com.Runner.runnerTestNG<br>Test method: Runs Cucumber Scenarios<br>Parameters: "User clicks the Contact us link and submits the query", "Laksitha_28APR2025_footerlink_functionality_on_homepage"</td>
<td><div><pre>org.openqa.selenium.TimeoutException: Expected condition failed: waiting for visibility of element located by By.xpath: //div[@class=&quot;page-body&quot;]//child::div[@class=&quot;result&quot;] (tried for 30 second(s) with 500 milliseconds interval)
Build info: version: &apos;4.31.0&apos;, revision: &apos;1ef9f18787*&apos;
System info: os.name: &apos;Windows 10&apos;, os.arch: &apos;amd64&apos;, os.version: &apos;10.0&apos;, java.version: &apos;17.0.6&apos;
Driver info: org.openqa.selenium.chrome.ChromeDriver
Capabilities {acceptInsecureCerts: false, browserName: chrome, browserVersion: 136.0.7103.49, chrome: {chromedriverVersion: 136.0.7103.49 (031848bc6ad0..., userDataDir: C:\Users\ADMIN\AppData\Loca...}, fedcm:accounts: true, goog:chromeOptions: {debuggerAddress: localhost:61912}, networkConnectionEnabled: false, pageLoadStrategy: normal, platformName: windows, proxy: Proxy(), se:cdp: ws://localhost:61912/devtoo..., se:cdpVersion: 136.0.7103.49, setWindowRect: true, strictFileInteractability: false, timeouts: {implicit: 0, pageLoad: 300000, script: 30000}, unhandledPromptBehavior: dismiss and notify, webauthn:extension:credBlob: true, webauthn:extension:largeBlob: true, webauthn:extension:minPinLength: true, webauthn:extension:prf: true, webauthn:virtualAuthenticators: true}
Session ID: 1e362328bdcad2d23540cc17153716aa
	at org.openqa.selenium.support.ui.WebDriverWait.timeoutException(WebDriverWait.java:84)
	at org.openqa.selenium.support.ui.FluentWait.until(FluentWait.java:228)
	at com.Actions.FooterAction.getConfirmation(FooterAction.java:55)
	at com.Definitions.FooterDefinition.the_confirmation_should_be_displayed(FooterDefinition.java:86)
	at ✽.the confirmation should be displayed(file:///C:/Users/ADMIN/git/DemoWebShop-Cucumber/src/test/resources/Features/Footer.feature:26)
</pre></div><a href='#' onClick='toggleBox("stack-trace1004522698", this, "Click to show all stack frames", "Click to hide stack frames")'>Click to show all stack frames</a>
<div class='stack-trace' id='stack-trace1004522698'><pre>org.openqa.selenium.TimeoutException: Expected condition failed: waiting for visibility of element located by By.xpath: //div[@class=&quot;page-body&quot;]//child::div[@class=&quot;result&quot;] (tried for 30 second(s) with 500 milliseconds interval)
Build info: version: &apos;4.31.0&apos;, revision: &apos;1ef9f18787*&apos;
System info: os.name: &apos;Windows 10&apos;, os.arch: &apos;amd64&apos;, os.version: &apos;10.0&apos;, java.version: &apos;17.0.6&apos;
Driver info: org.openqa.selenium.chrome.ChromeDriver
Capabilities {acceptInsecureCerts: false, browserName: chrome, browserVersion: 136.0.7103.49, chrome: {chromedriverVersion: 136.0.7103.49 (031848bc6ad0..., userDataDir: C:\Users\ADMIN\AppData\Loca...}, fedcm:accounts: true, goog:chromeOptions: {debuggerAddress: localhost:61912}, networkConnectionEnabled: false, pageLoadStrategy: normal, platformName: windows, proxy: Proxy(), se:cdp: ws://localhost:61912/devtoo..., se:cdpVersion: 136.0.7103.49, setWindowRect: true, strictFileInteractability: false, timeouts: {implicit: 0, pageLoad: 300000, script: 30000}, unhandledPromptBehavior: dismiss and notify, webauthn:extension:credBlob: true, webauthn:extension:largeBlob: true, webauthn:extension:minPinLength: true, webauthn:extension:prf: true, webauthn:virtualAuthenticators: true}
Session ID: 1e362328bdcad2d23540cc17153716aa
	at org.openqa.selenium.support.ui.WebDriverWait.timeoutException(WebDriverWait.java:84)
	at org.openqa.selenium.support.ui.FluentWait.until(FluentWait.java:228)
	at com.Actions.FooterAction.getConfirmation(FooterAction.java:55)
	at com.Definitions.FooterDefinition.the_confirmation_should_be_displayed(FooterDefinition.java:86)
	at ✽.the confirmation should be displayed(file:///C:/Users/ADMIN/git/DemoWebShop-Cucumber/src/test/resources/Features/Footer.feature:26)
</pre></div></td>
<td>233</td>
<td>com.Runner.runnerTestNG@1018bde2</td></tr>
<tr>
<td title='com.Runner.runnerTestNG.runScenario()'><b>runScenario</b><br>Test class: com.Runner.runnerTestNG<br>Test method: Runs Cucumber Scenarios<br>Parameters: "User verifies and clicks the "Powered by nopCommerce" link", "Laksitha_28APR2025_footerlink_functionality_on_homepage"</td>
<td><div><pre>org.openqa.selenium.TimeoutException: Expected condition failed: waiting for visibility of element located by By.xpath:  //div[@class=&quot;home-banner-text-section&quot;]//h1 (tried for 30 second(s) with 500 milliseconds interval)
Build info: version: &apos;4.31.0&apos;, revision: &apos;1ef9f18787*&apos;
System info: os.name: &apos;Windows 10&apos;, os.arch: &apos;amd64&apos;, os.version: &apos;10.0&apos;, java.version: &apos;17.0.6&apos;
Driver info: org.openqa.selenium.chrome.ChromeDriver
Capabilities {acceptInsecureCerts: false, browserName: chrome, browserVersion: 136.0.7103.49, chrome: {chromedriverVersion: 136.0.7103.49 (031848bc6ad0..., userDataDir: C:\Users\ADMIN\AppData\Loca...}, fedcm:accounts: true, goog:chromeOptions: {debuggerAddress: localhost:61914}, networkConnectionEnabled: false, pageLoadStrategy: normal, platformName: windows, proxy: Proxy(), se:cdp: ws://localhost:61914/devtoo..., se:cdpVersion: 136.0.7103.49, setWindowRect: true, strictFileInteractability: false, timeouts: {implicit: 0, pageLoad: 300000, script: 30000}, unhandledPromptBehavior: dismiss and notify, webauthn:extension:credBlob: true, webauthn:extension:largeBlob: true, webauthn:extension:minPinLength: true, webauthn:extension:prf: true, webauthn:virtualAuthenticators: true}
Session ID: 535f5d150509a406329e2a4f0384eaa6
	at org.openqa.selenium.support.ui.WebDriverWait.timeoutException(WebDriverWait.java:84)
	at org.openqa.selenium.support.ui.FluentWait.until(FluentWait.java:228)
	at com.Actions.FooterAction.getNOPText(FooterAction.java:28)
	at com.Definitions.FooterDefinition.user_should_be_navigated_to_the_nop_commerce_official_website(FooterDefinition.java:34)
	at ✽.User should be navigated to the nopCommerce official website(file:///C:/Users/ADMIN/git/DemoWebShop-Cucumber/src/test/resources/Features/Footer.feature:10)
</pre></div><a href='#' onClick='toggleBox("stack-trace777696929", this, "Click to show all stack frames", "Click to hide stack frames")'>Click to show all stack frames</a>
<div class='stack-trace' id='stack-trace777696929'><pre>org.openqa.selenium.TimeoutException: Expected condition failed: waiting for visibility of element located by By.xpath:  //div[@class=&quot;home-banner-text-section&quot;]//h1 (tried for 30 second(s) with 500 milliseconds interval)
Build info: version: &apos;4.31.0&apos;, revision: &apos;1ef9f18787*&apos;
System info: os.name: &apos;Windows 10&apos;, os.arch: &apos;amd64&apos;, os.version: &apos;10.0&apos;, java.version: &apos;17.0.6&apos;
Driver info: org.openqa.selenium.chrome.ChromeDriver
Capabilities {acceptInsecureCerts: false, browserName: chrome, browserVersion: 136.0.7103.49, chrome: {chromedriverVersion: 136.0.7103.49 (031848bc6ad0..., userDataDir: C:\Users\ADMIN\AppData\Loca...}, fedcm:accounts: true, goog:chromeOptions: {debuggerAddress: localhost:61914}, networkConnectionEnabled: false, pageLoadStrategy: normal, platformName: windows, proxy: Proxy(), se:cdp: ws://localhost:61914/devtoo..., se:cdpVersion: 136.0.7103.49, setWindowRect: true, strictFileInteractability: false, timeouts: {implicit: 0, pageLoad: 300000, script: 30000}, unhandledPromptBehavior: dismiss and notify, webauthn:extension:credBlob: true, webauthn:extension:largeBlob: true, webauthn:extension:minPinLength: true, webauthn:extension:prf: true, webauthn:virtualAuthenticators: true}
Session ID: 535f5d150509a406329e2a4f0384eaa6
	at org.openqa.selenium.support.ui.WebDriverWait.timeoutException(WebDriverWait.java:84)
	at org.openqa.selenium.support.ui.FluentWait.until(FluentWait.java:228)
	at com.Actions.FooterAction.getNOPText(FooterAction.java:28)
	at com.Definitions.FooterDefinition.user_should_be_navigated_to_the_nop_commerce_official_website(FooterDefinition.java:34)
	at ✽.User should be navigated to the nopCommerce official website(file:///C:/Users/ADMIN/git/DemoWebShop-Cucumber/src/test/resources/Features/Footer.feature:10)
</pre></div></td>
<td>193</td>
<td>com.Runner.runnerTestNG@1018bde2</td></tr>
</table><p>
<table width='100%' border='1' class='invocation-passed'>
<tr><td colspan='4' align='center'><b>PASSED TESTS</b></td></tr>
<tr><td><b>Test method</b></td>
<td><b>Attribute(s)</b></td>
<td width="30%"><b>Exception</b></td>
<td width="10%"><b>Time (seconds)</b></td>
<td><b>Instance</b></td>
</tr>
<tr>
<td title='com.Runner.runnerTestNG.runScenario()'><b>runScenario</b><br>Test class: com.Runner.runnerTestNG<br>Test method: Runs Cucumber Scenarios<br>Parameters: "Apply all Sort By options for books", "Laksitha_14APR2025_DemoWebShop_Book_Product_Functionality"</td>
<td></td>
<td>196</td>
<td>com.Runner.runnerTestNG@1018bde2</td></tr>
<tr>
<td title='com.Runner.runnerTestNG.runScenario()'><b>runScenario</b><br>Test class: com.Runner.runnerTestNG<br>Test method: Runs Cucumber Scenarios<br>Parameters: "Poll the vote without logging in", "Laksitha_12APR2025_DemoWebShop_HomePageFunctionality"</td>
<td></td>
<td>80</td>
<td>com.Runner.runnerTestNG@1018bde2</td></tr>
<tr>
<td title='com.Runner.runnerTestNG.runScenario()'><b>runScenario</b><br>Test class: com.Runner.runnerTestNG<br>Test method: Runs Cucumber Scenarios<br>Parameters: "View featured products as list", "Laksitha_12APR2025_DemoWebShop_HomePageFunctionality"</td>
<td></td>
<td>85</td>
<td>com.Runner.runnerTestNG@1018bde2</td></tr>
<tr>
<td title='com.Runner.runnerTestNG.runScenario()'><b>runScenario</b><br>Test class: com.Runner.runnerTestNG<br>Test method: Runs Cucumber Scenarios<br>Parameters: "Submit review with valid and invalid inputs", "Laksitha_16APR2025_DemoWebShop_Review_a_product"</td>
<td></td>
<td>124</td>
<td>com.Runner.runnerTestNG@1018bde2</td></tr>
<tr>
<td title='com.Runner.runnerTestNG.runScenario()'><b>runScenario</b><br>Test class: com.Runner.runnerTestNG<br>Test method: Runs Cucumber Scenarios<br>Parameters: "Comparing two different products", "Laksitha_14APR2025_DemoWebShop_Book_Product_Functionality"</td>
<td></td>
<td>205</td>
<td>com.Runner.runnerTestNG@1018bde2</td></tr>
<tr>
<td title='com.Runner.runnerTestNG.runScenario()'><b>runScenario</b><br>Test class: com.Runner.runnerTestNG<br>Test method: Runs Cucumber Scenarios<br>Parameters: "View details of a specific book", "Laksitha_14APR2025_DemoWebShop_Book_Product_Functionality"</td>
<td></td>
<td>167</td>
<td>com.Runner.runnerTestNG@1018bde2</td></tr>
<tr>
<td title='com.Runner.runnerTestNG.runScenario()'><b>runScenario</b><br>Test class: com.Runner.runnerTestNG<br>Test method: Runs Cucumber Scenarios<br>Parameters: "Tags should be navigated to product page", "Laksitha_15APR2025_DemoWebShop_Popular_tags"</td>
<td></td>
<td>35</td>
<td>com.Runner.runnerTestNG@1018bde2</td></tr>
<tr>
<td title='com.Runner.runnerTestNG.runScenario()'><b>runScenario</b><br>Test class: com.Runner.runnerTestNG<br>Test method: Runs Cucumber Scenarios<br>Parameters: "View all books available", "Laksitha_14APR2025_DemoWebShop_Book_Product_Functionality"</td>
<td></td>
<td>165</td>
<td>com.Runner.runnerTestNG@1018bde2</td></tr>
<tr>
<td title='com.Runner.runnerTestNG.runScenario()'><b>runScenario</b><br>Test class: com.Runner.runnerTestNG<br>Test method: Runs Cucumber Scenarios<br>Parameters: "Apply filter options for books", "Laksitha_14APR2025_DemoWebShop_Book_Product_Functionality"</td>
<td></td>
<td>211</td>
<td>com.Runner.runnerTestNG@1018bde2</td></tr>
<tr>
<td title='com.Runner.runnerTestNG.runScenario()'><b>runScenario</b><br>Test class: com.Runner.runnerTestNG<br>Test method: Runs Cucumber Scenarios<br>Parameters: "Perform advanced product search with various filter combinations", "Laksitha_13APR2025_DemoWebShop_Search_Function"</td>
<td></td>
<td>68</td>
<td>com.Runner.runnerTestNG@1018bde2</td></tr>
<tr>
<td title='com.Runner.runnerTestNG.runScenario()'><b>runScenario</b><br>Test class: com.Runner.runnerTestNG<br>Test method: Runs Cucumber Scenarios<br>Parameters: "Tags should be navigated to product page", "Laksitha_15APR2025_DemoWebShop_Popular_tags"</td>
<td></td>
<td>41</td>
<td>com.Runner.runnerTestNG@1018bde2</td></tr>
<tr>
<td title='com.Runner.runnerTestNG.runScenario()'><b>runScenario</b><br>Test class: com.Runner.runnerTestNG<br>Test method: Runs Cucumber Scenarios<br>Parameters: "Perform advanced product search with various filter combinations", "Laksitha_13APR2025_DemoWebShop_Search_Function"</td>
<td></td>
<td>64</td>
<td>com.Runner.runnerTestNG@1018bde2</td></tr>
<tr>
<td title='com.Runner.runnerTestNG.runScenario()'><b>runScenario</b><br>Test class: com.Runner.runnerTestNG<br>Test method: Runs Cucumber Scenarios<br>Parameters: "Submit review with valid and invalid inputs", "Laksitha_16APR2025_DemoWebShop_Review_a_product"</td>
<td></td>
<td>83</td>
<td>com.Runner.runnerTestNG@1018bde2</td></tr>
<tr>
<td title='com.Runner.runnerTestNG.runScenario()'><b>runScenario</b><br>Test class: com.Runner.runnerTestNG<br>Test method: Runs Cucumber Scenarios<br>Parameters: "Simple product search with valid keyword", "Laksitha_13APR2025_DemoWebShop_Search_Function"</td>
<td></td>
<td>90</td>
<td>com.Runner.runnerTestNG@1018bde2</td></tr>
<tr>
<td title='com.Runner.runnerTestNG.runScenario()'><b>runScenario</b><br>Test class: com.Runner.runnerTestNG<br>Test method: Runs Cucumber Scenarios<br>Parameters: "Submit review with valid and invalid inputs", "Laksitha_16APR2025_DemoWebShop_Review_a_product"</td>
<td></td>
<td>115</td>
<td>com.Runner.runnerTestNG@1018bde2</td></tr>
<tr>
<td title='com.Runner.runnerTestNG.runScenario()'><b>runScenario</b><br>Test class: com.Runner.runnerTestNG<br>Test method: Runs Cucumber Scenarios<br>Parameters: "User clicks the Sitemap link and navigates to Accessories page", "Laksitha_28APR2025_footerlink_functionality_on_homepage"</td>
<td></td>
<td>167</td>
<td>com.Runner.runnerTestNG@1018bde2</td></tr>
<tr>
<td title='com.Runner.runnerTestNG.runScenario()'><b>runScenario</b><br>Test class: com.Runner.runnerTestNG<br>Test method: Runs Cucumber Scenarios<br>Parameters: "Search with invalid or short keywords", "Laksitha_13APR2025_DemoWebShop_Search_Function"</td>
<td></td>
<td>106</td>
<td>com.Runner.runnerTestNG@1018bde2</td></tr>
<tr>
<td title='com.Runner.runnerTestNG.runScenario()'><b>runScenario</b><br>Test class: com.Runner.runnerTestNG<br>Test method: Runs Cucumber Scenarios<br>Parameters: "Search with invalid or short keywords", "Laksitha_13APR2025_DemoWebShop_Search_Function"</td>
<td></td>
<td>81</td>
<td>com.Runner.runnerTestNG@1018bde2</td></tr>
<tr>
<td title='com.Runner.runnerTestNG.runScenario()'><b>runScenario</b><br>Test class: com.Runner.runnerTestNG<br>Test method: Runs Cucumber Scenarios<br>Parameters: "Search with invalid or short keywords", "Laksitha_13APR2025_DemoWebShop_Search_Function"</td>
<td></td>
<td>100</td>
<td>com.Runner.runnerTestNG@1018bde2</td></tr>
<tr>
<td title='com.Runner.runnerTestNG.runScenario()'><b>runScenario</b><br>Test class: com.Runner.runnerTestNG<br>Test method: Runs Cucumber Scenarios<br>Parameters: "Subscribe with valid email address", "Laksitha_12APR2025_DemoWebShop_HomePageFunctionality"</td>
<td></td>
<td>167</td>
<td>com.Runner.runnerTestNG@1018bde2</td></tr>
<tr>
<td title='com.Runner.runnerTestNG.runScenario()'><b>runScenario</b><br>Test class: com.Runner.runnerTestNG<br>Test method: Runs Cucumber Scenarios<br>Parameters: "Subscribe with invalid email address", "Laksitha_12APR2025_DemoWebShop_HomePageFunctionality"</td>
<td></td>
<td>165</td>
<td>com.Runner.runnerTestNG@1018bde2</td></tr>
</table><p>
</body>
</html>