<html>
<head>
<title>TestNG:  Test</title>
<link href="../testng.css" rel="stylesheet" type="text/css" />
<link href="../my-testng.css" rel="stylesheet" type="text/css" />

<style type="text/css">
.log { display: none;} 
.stack-trace { display: none;} 
</style>
<script type="text/javascript">
<!--
function flip(e) {
  current = e.style.display;
  if (current == 'block') {
    e.style.display = 'none';
    return 0;
  }
  else {
    e.style.display = 'block';
    return 1;
  }
}

function toggleBox(szDivId, elem, msg1, msg2)
{
  var res = -1;  if (document.getElementById) {
    res = flip(document.getElementById(szDivId));
  }
  else if (document.all) {
    // this is the way old msie versions work
    res = flip(document.all[szDivId]);
  }
  if(elem) {
    if(res == 0) elem.innerHTML = msg1; else elem.innerHTML = msg2;
  }

}

function toggleAllBoxes() {
  if (document.getElementsByTagName) {
    d = document.getElementsByTagName('div');
    for (i = 0; i < d.length; i++) {
      if (d[i].className == 'log') {
        flip(d[i]);
      }
    }
  }
}

// -->
</script>

</head>
<body>
<h2 align='center'>Test</h2><table border='1' align="center">
<tr>
<td>Tests passed/Failed/Skipped:</td><td>57/6/0</td>
</tr><tr>
<td>Started on:</td><td>Thu Apr 17 12:45:04 IST 2025</td>
</tr>
<tr><td>Total time:</td><td>150 seconds (150473 ms)</td>
</tr><tr>
<td>Included groups:</td><td></td>
</tr><tr>
<td>Excluded groups:</td><td></td>
</tr>
</table><p/>
<small><i>(Hover the method name to see the test class name)</i></small><p/>
<table width='100%' border='1' class='invocation-failed'>
<tr><td colspan='4' align='center'><b>FAILED TESTS</b></td></tr>
<tr><td><b>Test method</b></td>
<td><b>Attribute(s)</b></td>
<td width="30%"><b>Exception</b></td>
<td width="10%"><b>Time (seconds)</b></td>
<td><b>Instance</b></td>
</tr>
<tr>
<td title='com.Runner.runnerTestNG.runScenario()'><b>runScenario</b><br>Test class: com.Runner.runnerTestNG<br>Test method: Runs Cucumber Scenarios<br>Parameters: "Submit review with valid and invalid inputs", "Review a product Functionality"</td>
<td><div><pre>org.openqa.selenium.StaleElementReferenceException: stale element reference: stale element not found
  (Session info: chrome=135.0.7049.85)
For documentation on this error, please visit: https://www.selenium.dev/documentation/webdriver/troubleshooting/errors#stale-element-reference-exception
Build info: version: &apos;4.31.0&apos;, revision: &apos;1ef9f18787*&apos;
System info: os.name: &apos;Windows 11&apos;, os.arch: &apos;amd64&apos;, os.version: &apos;10.0&apos;, java.version: &apos;21.0.6&apos;
Driver info: org.openqa.selenium.chrome.ChromeDriver
Command: [4f1e095ffab91b4241f794bb05af15b3, getElementText {id=f.346B99A100928810A857A2ED370CE392.d.B9D94FB04D67A69CE44B3FC743D74136.e.244}]
Capabilities {acceptInsecureCerts: false, browserName: chrome, browserVersion: 135.0.7049.85, chrome: {chromedriverVersion: 135.0.7049.95 (de2eb485a195..., userDataDir: C:\Users\yuvar\AppData\Loca...}, fedcm:accounts: true, goog:chromeOptions: {debuggerAddress: localhost:60322}, networkConnectionEnabled: false, pageLoadStrategy: normal, platformName: windows, proxy: Proxy(), se:cdp: ws://localhost:60322/devtoo..., se:cdpVersion: 135.0.7049.85, setWindowRect: true, strictFileInteractability: false, timeouts: {implicit: 0, pageLoad: 300000, script: 30000}, unhandledPromptBehavior: dismiss and notify, webauthn:extension:credBlob: true, webauthn:extension:largeBlob: true, webauthn:extension:minPinLength: true, webauthn:extension:prf: true, webauthn:virtualAuthenticators: true}
Element: [[ChromeDriver: chrome on windows (4f1e095ffab91b4241f794bb05af15b3)] -&gt; xpath: //span[@data-valmsg-for=&quot;AddProductReview.ReviewText&quot;]]
Session ID: 4f1e095ffab91b4241f794bb05af15b3
	at org.openqa.selenium.remote.ErrorCodec.decode(ErrorCodec.java:167)
	at org.openqa.selenium.remote.codec.w3c.W3CHttpResponseCodec.decode(W3CHttpResponseCodec.java:138)
	at org.openqa.selenium.remote.codec.w3c.W3CHttpResponseCodec.decode(W3CHttpResponseCodec.java:50)
	at org.openqa.selenium.remote.HttpCommandExecutor.execute(HttpCommandExecutor.java:215)
	at org.openqa.selenium.remote.service.DriverCommandExecutor.invokeExecute(DriverCommandExecutor.java:216)
	at org.openqa.selenium.remote.service.DriverCommandExecutor.execute(DriverCommandExecutor.java:174)
	at org.openqa.selenium.remote.RemoteWebDriver.execute(RemoteWebDriver.java:545)
	at org.openqa.selenium.remote.RemoteWebElement.execute(RemoteWebElement.java:223)
	at org.openqa.selenium.remote.RemoteWebElement.getText(RemoteWebElement.java:191)
	at org.openqa.selenium.support.pagefactory.internal.LocatingElementHandler.invoke(LocatingElementHandler.java:51)
	at jdk.proxy2/jdk.proxy2.$Proxy27.getText(Unknown Source)
	at com.Actions.ReviewAction.blankTextError(ReviewAction.java:86)
	at com.Definitions.ReviewStepDefinitions.i_should_see_the_error_message(ReviewStepDefinitions.java:101)
	at ✽.I should see the error message &quot;Review text is required.&quot;(file:///C:/Users/yuvar/DemoWebShop(Automation)/DemoWebShop-Cucumber/src/test/resources/Features/Review.feature:27)
... Removed 5 stack frames</pre></div><a href='#' onClick='toggleBox("stack-trace2118725608", this, "Click to show all stack frames", "Click to hide stack frames")'>Click to show all stack frames</a>
<div class='stack-trace' id='stack-trace2118725608'><pre>org.openqa.selenium.StaleElementReferenceException: stale element reference: stale element not found
  (Session info: chrome=135.0.7049.85)
For documentation on this error, please visit: https://www.selenium.dev/documentation/webdriver/troubleshooting/errors#stale-element-reference-exception
Build info: version: &apos;4.31.0&apos;, revision: &apos;1ef9f18787*&apos;
System info: os.name: &apos;Windows 11&apos;, os.arch: &apos;amd64&apos;, os.version: &apos;10.0&apos;, java.version: &apos;21.0.6&apos;
Driver info: org.openqa.selenium.chrome.ChromeDriver
Command: [4f1e095ffab91b4241f794bb05af15b3, getElementText {id=f.346B99A100928810A857A2ED370CE392.d.B9D94FB04D67A69CE44B3FC743D74136.e.244}]
Capabilities {acceptInsecureCerts: false, browserName: chrome, browserVersion: 135.0.7049.85, chrome: {chromedriverVersion: 135.0.7049.95 (de2eb485a195..., userDataDir: C:\Users\yuvar\AppData\Loca...}, fedcm:accounts: true, goog:chromeOptions: {debuggerAddress: localhost:60322}, networkConnectionEnabled: false, pageLoadStrategy: normal, platformName: windows, proxy: Proxy(), se:cdp: ws://localhost:60322/devtoo..., se:cdpVersion: 135.0.7049.85, setWindowRect: true, strictFileInteractability: false, timeouts: {implicit: 0, pageLoad: 300000, script: 30000}, unhandledPromptBehavior: dismiss and notify, webauthn:extension:credBlob: true, webauthn:extension:largeBlob: true, webauthn:extension:minPinLength: true, webauthn:extension:prf: true, webauthn:virtualAuthenticators: true}
Element: [[ChromeDriver: chrome on windows (4f1e095ffab91b4241f794bb05af15b3)] -&gt; xpath: //span[@data-valmsg-for=&quot;AddProductReview.ReviewText&quot;]]
Session ID: 4f1e095ffab91b4241f794bb05af15b3
	at java.base/jdk.internal.reflect.DirectConstructorHandleAccessor.newInstance(DirectConstructorHandleAccessor.java:62)
	at java.base/java.lang.reflect.Constructor.newInstanceWithCaller(Constructor.java:502)
	at java.base/java.lang.reflect.Constructor.newInstance(Constructor.java:486)
	at org.openqa.selenium.remote.ErrorCodec.decode(ErrorCodec.java:167)
	at org.openqa.selenium.remote.codec.w3c.W3CHttpResponseCodec.decode(W3CHttpResponseCodec.java:138)
	at org.openqa.selenium.remote.codec.w3c.W3CHttpResponseCodec.decode(W3CHttpResponseCodec.java:50)
	at org.openqa.selenium.remote.HttpCommandExecutor.execute(HttpCommandExecutor.java:215)
	at org.openqa.selenium.remote.service.DriverCommandExecutor.invokeExecute(DriverCommandExecutor.java:216)
	at org.openqa.selenium.remote.service.DriverCommandExecutor.execute(DriverCommandExecutor.java:174)
	at org.openqa.selenium.remote.RemoteWebDriver.execute(RemoteWebDriver.java:545)
	at org.openqa.selenium.remote.RemoteWebElement.execute(RemoteWebElement.java:223)
	at org.openqa.selenium.remote.RemoteWebElement.getText(RemoteWebElement.java:191)
	at java.base/jdk.internal.reflect.DirectMethodHandleAccessor.invoke(DirectMethodHandleAccessor.java:103)
	at java.base/java.lang.reflect.Method.invoke(Method.java:580)
	at org.openqa.selenium.support.pagefactory.internal.LocatingElementHandler.invoke(LocatingElementHandler.java:51)
	at jdk.proxy2/jdk.proxy2.$Proxy27.getText(Unknown Source)
	at com.Actions.ReviewAction.blankTextError(ReviewAction.java:86)
	at com.Definitions.ReviewStepDefinitions.i_should_see_the_error_message(ReviewStepDefinitions.java:101)
	at ✽.I should see the error message &quot;Review text is required.&quot;(file:///C:/Users/yuvar/DemoWebShop(Automation)/DemoWebShop-Cucumber/src/test/resources/Features/Review.feature:27)
</pre></div></td>
<td>25</td>
<td>com.Runner.runnerTestNG@6497b078</td></tr>
<tr>
<td title='com.Runner.runnerTestNG.runScenario()'><b>runScenario</b><br>Test class: com.Runner.runnerTestNG<br>Test method: Runs Cucumber Scenarios<br>Parameters: "purchase an item and choose the credit card", "Checkout the product in the web Application"</td>
<td><div><pre>org.openqa.selenium.TimeoutException: Expected condition failed: waiting for presence of element located by: By.xpath: //div[@class=&apos;section payment-method&apos;]//ul//li[3]//div//div[2]//input (tried for 20 second(s) with 500 milliseconds interval)
	at org.openqa.selenium.support.ui.WebDriverWait.timeoutException(WebDriverWait.java:84)
	at org.openqa.selenium.support.ui.FluentWait.until(FluentWait.java:228)
	at com.Actions.CheckoutAction.creditcardcheckbox(CheckoutAction.java:169)
	at com.Definitions.CheckoutStepDefinition.select_the_credit_card_method_and_enter_the_required_fields(CheckoutStepDefinition.java:165)
	at ✽.select the credit card method and enter the required fields(file:///C:/Users/yuvar/DemoWebShop(Automation)/DemoWebShop-Cucumber/src/test/resources/Features/CheckOut.feature:53)
Caused by: org.openqa.selenium.NoSuchElementException: no such element: Unable to locate element: {&quot;method&quot;:&quot;xpath&quot;,&quot;selector&quot;:&quot;//div[@class=&apos;section payment-method&apos;]//ul//li[3]//div//div[2]//input&quot;}
  (Session info: chrome=135.0.7049.85)
For documentation on this error, please visit: https://www.selenium.dev/documentation/webdriver/troubleshooting/errors#no-such-element-exception
Build info: version: &apos;4.31.0&apos;, revision: &apos;1ef9f18787*&apos;
System info: os.name: &apos;Windows 11&apos;, os.arch: &apos;amd64&apos;, os.version: &apos;10.0&apos;, java.version: &apos;21.0.6&apos;
Driver info: org.openqa.selenium.chrome.ChromeDriver
Command: [27567199205ce8853d69ef6fda109cbf, findElement {using=xpath, value=//div[@class=&apos;section payment-method&apos;]//ul//li[3]//div//div[2]//input}]
Capabilities {acceptInsecureCerts: false, browserName: chrome, browserVersion: 135.0.7049.85, chrome: {chromedriverVersion: 135.0.7049.95 (de2eb485a195..., userDataDir: C:\Users\yuvar\AppData\Loca...}, fedcm:accounts: true, goog:chromeOptions: {debuggerAddress: localhost:59093}, networkConnectionEnabled: false, pageLoadStrategy: normal, platformName: windows, proxy: Proxy(), se:cdp: ws://localhost:59093/devtoo..., se:cdpVersion: 135.0.7049.85, setWindowRect: true, strictFileInteractability: false, timeouts: {implicit: 0, pageLoad: 300000, script: 30000}, unhandledPromptBehavior: dismiss and notify, webauthn:extension:credBlob: true, webauthn:extension:largeBlob: true, webauthn:extension:minPinLength: true, webauthn:extension:prf: true, webauthn:virtualAuthenticators: true}
Session ID: 27567199205ce8853d69ef6fda109cbf
	at org.openqa.selenium.remote.ErrorCodec.decode(ErrorCodec.java:167)
	at org.openqa.selenium.remote.codec.w3c.W3CHttpResponseCodec.decode(W3CHttpResponseCodec.java:138)
	at org.openqa.selenium.remote.codec.w3c.W3CHttpResponseCodec.decode(W3CHttpResponseCodec.java:50)
	at org.openqa.selenium.remote.HttpCommandExecutor.execute(HttpCommandExecutor.java:215)
	at org.openqa.selenium.remote.service.DriverCommandExecutor.invokeExecute(DriverCommandExecutor.java:216)
	at org.openqa.selenium.remote.service.DriverCommandExecutor.execute(DriverCommandExecutor.java:174)
	at org.openqa.selenium.remote.RemoteWebDriver.execute(RemoteWebDriver.java:545)
	at org.openqa.selenium.remote.ElementLocation$ElementFinder$2.findElement(ElementLocation.java:165)
	at org.openqa.selenium.remote.ElementLocation.findElement(ElementLocation.java:59)
	at org.openqa.selenium.remote.RemoteWebDriver.findElement(RemoteWebDriver.java:368)
	at org.openqa.selenium.remote.RemoteWebDriver.findElement(RemoteWebDriver.java:362)
	at org.openqa.selenium.support.ui.ExpectedConditions$6.apply(ExpectedConditions.java:171)
	at org.openqa.selenium.support.ui.ExpectedConditions$6.apply(ExpectedConditions.java:168)
	at org.openqa.selenium.support.ui.FluentWait.until(FluentWait.java:203)
	... 3 more
... Removed 3 stack frames</pre></div><a href='#' onClick='toggleBox("stack-trace953218467", this, "Click to show all stack frames", "Click to hide stack frames")'>Click to show all stack frames</a>
<div class='stack-trace' id='stack-trace953218467'><pre>org.openqa.selenium.TimeoutException: Expected condition failed: waiting for presence of element located by: By.xpath: //div[@class=&apos;section payment-method&apos;]//ul//li[3]//div//div[2]//input (tried for 20 second(s) with 500 milliseconds interval)
	at org.openqa.selenium.support.ui.WebDriverWait.timeoutException(WebDriverWait.java:84)
	at org.openqa.selenium.support.ui.FluentWait.until(FluentWait.java:228)
	at com.Actions.CheckoutAction.creditcardcheckbox(CheckoutAction.java:169)
	at com.Definitions.CheckoutStepDefinition.select_the_credit_card_method_and_enter_the_required_fields(CheckoutStepDefinition.java:165)
	at ✽.select the credit card method and enter the required fields(file:///C:/Users/yuvar/DemoWebShop(Automation)/DemoWebShop-Cucumber/src/test/resources/Features/CheckOut.feature:53)
Caused by: org.openqa.selenium.NoSuchElementException: no such element: Unable to locate element: {&quot;method&quot;:&quot;xpath&quot;,&quot;selector&quot;:&quot;//div[@class=&apos;section payment-method&apos;]//ul//li[3]//div//div[2]//input&quot;}
  (Session info: chrome=135.0.7049.85)
For documentation on this error, please visit: https://www.selenium.dev/documentation/webdriver/troubleshooting/errors#no-such-element-exception
Build info: version: &apos;4.31.0&apos;, revision: &apos;1ef9f18787*&apos;
System info: os.name: &apos;Windows 11&apos;, os.arch: &apos;amd64&apos;, os.version: &apos;10.0&apos;, java.version: &apos;21.0.6&apos;
Driver info: org.openqa.selenium.chrome.ChromeDriver
Command: [27567199205ce8853d69ef6fda109cbf, findElement {using=xpath, value=//div[@class=&apos;section payment-method&apos;]//ul//li[3]//div//div[2]//input}]
Capabilities {acceptInsecureCerts: false, browserName: chrome, browserVersion: 135.0.7049.85, chrome: {chromedriverVersion: 135.0.7049.95 (de2eb485a195..., userDataDir: C:\Users\yuvar\AppData\Loca...}, fedcm:accounts: true, goog:chromeOptions: {debuggerAddress: localhost:59093}, networkConnectionEnabled: false, pageLoadStrategy: normal, platformName: windows, proxy: Proxy(), se:cdp: ws://localhost:59093/devtoo..., se:cdpVersion: 135.0.7049.85, setWindowRect: true, strictFileInteractability: false, timeouts: {implicit: 0, pageLoad: 300000, script: 30000}, unhandledPromptBehavior: dismiss and notify, webauthn:extension:credBlob: true, webauthn:extension:largeBlob: true, webauthn:extension:minPinLength: true, webauthn:extension:prf: true, webauthn:virtualAuthenticators: true}
Session ID: 27567199205ce8853d69ef6fda109cbf
	at java.base/jdk.internal.reflect.DirectConstructorHandleAccessor.newInstance(DirectConstructorHandleAccessor.java:62)
	at java.base/java.lang.reflect.Constructor.newInstanceWithCaller(Constructor.java:502)
	at java.base/java.lang.reflect.Constructor.newInstance(Constructor.java:486)
	at org.openqa.selenium.remote.ErrorCodec.decode(ErrorCodec.java:167)
	at org.openqa.selenium.remote.codec.w3c.W3CHttpResponseCodec.decode(W3CHttpResponseCodec.java:138)
	at org.openqa.selenium.remote.codec.w3c.W3CHttpResponseCodec.decode(W3CHttpResponseCodec.java:50)
	at org.openqa.selenium.remote.HttpCommandExecutor.execute(HttpCommandExecutor.java:215)
	at org.openqa.selenium.remote.service.DriverCommandExecutor.invokeExecute(DriverCommandExecutor.java:216)
	at org.openqa.selenium.remote.service.DriverCommandExecutor.execute(DriverCommandExecutor.java:174)
	at org.openqa.selenium.remote.RemoteWebDriver.execute(RemoteWebDriver.java:545)
	at org.openqa.selenium.remote.ElementLocation$ElementFinder$2.findElement(ElementLocation.java:165)
	at org.openqa.selenium.remote.ElementLocation.findElement(ElementLocation.java:59)
	at org.openqa.selenium.remote.RemoteWebDriver.findElement(RemoteWebDriver.java:368)
	at org.openqa.selenium.remote.RemoteWebDriver.findElement(RemoteWebDriver.java:362)
	at org.openqa.selenium.support.ui.ExpectedConditions$6.apply(ExpectedConditions.java:171)
	at org.openqa.selenium.support.ui.ExpectedConditions$6.apply(ExpectedConditions.java:168)
	at org.openqa.selenium.support.ui.FluentWait.until(FluentWait.java:203)
	... 3 more
</pre></div></td>
<td>45</td>
<td>com.Runner.runnerTestNG@6497b078</td></tr>
<tr>
<td title='com.Runner.runnerTestNG.runScenario()'><b>runScenario</b><br>Test class: com.Runner.runnerTestNG<br>Test method: Runs Cucumber Scenarios<br>Parameters: "purchase an item and choose store pickup", "Checkout the product in the web Application"</td>
<td><div><pre>com.Actions.CheckoutAction$ProductSearchException: Failed to search for product: laptop. Error: stale element reference: stale element not found
  (Session info: chrome=135.0.7049.85)
For documentation on this error, please visit: https://www.selenium.dev/documentation/webdriver/troubleshooting/errors#stale-element-reference-exception
Build info: version: &apos;4.31.0&apos;, revision: &apos;1ef9f18787*&apos;
System info: os.name: &apos;Windows 11&apos;, os.arch: &apos;amd64&apos;, os.version: &apos;10.0&apos;, java.version: &apos;21.0.6&apos;
Driver info: org.openqa.selenium.chrome.ChromeDriver
Command: [bddccc0c9d8dd3033889ece749cb06c5, sendKeysToElement {id=f.41FA7F6946B3704D29B060872FDB0DA8.d.BEAF5DF125E71C0EED20F80E21422E2E.e.60, value=[Ljava.lang.CharSequence;@550d4934}]
Capabilities {acceptInsecureCerts: false, browserName: chrome, browserVersion: 135.0.7049.85, chrome: {chromedriverVersion: 135.0.7049.95 (de2eb485a195..., userDataDir: C:\Users\yuvar\AppData\Loca...}, fedcm:accounts: true, goog:chromeOptions: {debuggerAddress: localhost:59095}, networkConnectionEnabled: false, pageLoadStrategy: normal, platformName: windows, proxy: Proxy(), se:cdp: ws://localhost:59095/devtoo..., se:cdpVersion: 135.0.7049.85, setWindowRect: true, strictFileInteractability: false, timeouts: {implicit: 0, pageLoad: 300000, script: 30000}, unhandledPromptBehavior: dismiss and notify, webauthn:extension:credBlob: true, webauthn:extension:largeBlob: true, webauthn:extension:minPinLength: true, webauthn:extension:prf: true, webauthn:virtualAuthenticators: true}
Element: [[ChromeDriver: chrome on windows (bddccc0c9d8dd3033889ece749cb06c5)] -&gt; xpath: //input[@id=&quot;small-searchterms&quot;]]
Session ID: bddccc0c9d8dd3033889ece749cb06c5
	at com.Actions.CheckoutAction.searchAnItem(CheckoutAction.java:45)
	at com.Definitions.CheckoutStepDefinition.i_log_in_and_add_an_item_and_add_to_cart(CheckoutStepDefinition.java:27)
	at ✽.I log in and add an item and add to cart(file:///C:/Users/yuvar/DemoWebShop(Automation)/DemoWebShop-Cucumber/src/test/resources/Features/CheckOut.feature:5)
</pre></div><a href='#' onClick='toggleBox("stack-trace582679087", this, "Click to show all stack frames", "Click to hide stack frames")'>Click to show all stack frames</a>
<div class='stack-trace' id='stack-trace582679087'><pre>com.Actions.CheckoutAction$ProductSearchException: Failed to search for product: laptop. Error: stale element reference: stale element not found
  (Session info: chrome=135.0.7049.85)
For documentation on this error, please visit: https://www.selenium.dev/documentation/webdriver/troubleshooting/errors#stale-element-reference-exception
Build info: version: &apos;4.31.0&apos;, revision: &apos;1ef9f18787*&apos;
System info: os.name: &apos;Windows 11&apos;, os.arch: &apos;amd64&apos;, os.version: &apos;10.0&apos;, java.version: &apos;21.0.6&apos;
Driver info: org.openqa.selenium.chrome.ChromeDriver
Command: [bddccc0c9d8dd3033889ece749cb06c5, sendKeysToElement {id=f.41FA7F6946B3704D29B060872FDB0DA8.d.BEAF5DF125E71C0EED20F80E21422E2E.e.60, value=[Ljava.lang.CharSequence;@550d4934}]
Capabilities {acceptInsecureCerts: false, browserName: chrome, browserVersion: 135.0.7049.85, chrome: {chromedriverVersion: 135.0.7049.95 (de2eb485a195..., userDataDir: C:\Users\yuvar\AppData\Loca...}, fedcm:accounts: true, goog:chromeOptions: {debuggerAddress: localhost:59095}, networkConnectionEnabled: false, pageLoadStrategy: normal, platformName: windows, proxy: Proxy(), se:cdp: ws://localhost:59095/devtoo..., se:cdpVersion: 135.0.7049.85, setWindowRect: true, strictFileInteractability: false, timeouts: {implicit: 0, pageLoad: 300000, script: 30000}, unhandledPromptBehavior: dismiss and notify, webauthn:extension:credBlob: true, webauthn:extension:largeBlob: true, webauthn:extension:minPinLength: true, webauthn:extension:prf: true, webauthn:virtualAuthenticators: true}
Element: [[ChromeDriver: chrome on windows (bddccc0c9d8dd3033889ece749cb06c5)] -&gt; xpath: //input[@id=&quot;small-searchterms&quot;]]
Session ID: bddccc0c9d8dd3033889ece749cb06c5
	at com.Actions.CheckoutAction.searchAnItem(CheckoutAction.java:45)
	at com.Definitions.CheckoutStepDefinition.i_log_in_and_add_an_item_and_add_to_cart(CheckoutStepDefinition.java:27)
	at ✽.I log in and add an item and add to cart(file:///C:/Users/yuvar/DemoWebShop(Automation)/DemoWebShop-Cucumber/src/test/resources/Features/CheckOut.feature:5)
</pre></div></td>
<td>19</td>
<td>com.Runner.runnerTestNG@6497b078</td></tr>
<tr>
<td title='com.Runner.runnerTestNG.runScenario()'><b>runScenario</b><br>Test class: com.Runner.runnerTestNG<br>Test method: Runs Cucumber Scenarios<br>Parameters: "verify the current balance of reward points", "Validating My Account Section"</td>
<td><div><pre>org.openqa.selenium.NoSuchElementException: no such element: Unable to locate element: {&quot;method&quot;:&quot;xpath&quot;,&quot;selector&quot;:&quot;//a[text()=&quot;Reward points&quot;]&quot;}
  (Session info: chrome=135.0.7049.85)
For documentation on this error, please visit: https://www.selenium.dev/documentation/webdriver/troubleshooting/errors#no-such-element-exception
Build info: version: &apos;4.31.0&apos;, revision: &apos;1ef9f18787*&apos;
System info: os.name: &apos;Windows 11&apos;, os.arch: &apos;amd64&apos;, os.version: &apos;10.0&apos;, java.version: &apos;21.0.6&apos;
Driver info: org.openqa.selenium.chrome.ChromeDriver
Command: [5145f9c7a8cea5b431b4da85435db4b3, findElement {using=xpath, value=//a[text()=&quot;Reward points&quot;]}]
Capabilities {acceptInsecureCerts: false, browserName: chrome, browserVersion: 135.0.7049.85, chrome: {chromedriverVersion: 135.0.7049.95 (de2eb485a195..., userDataDir: C:\Users\yuvar\AppData\Loca...}, fedcm:accounts: true, goog:chromeOptions: {debuggerAddress: localhost:59775}, networkConnectionEnabled: false, pageLoadStrategy: normal, platformName: windows, proxy: Proxy(), se:cdp: ws://localhost:59775/devtoo..., se:cdpVersion: 135.0.7049.85, setWindowRect: true, strictFileInteractability: false, timeouts: {implicit: 0, pageLoad: 300000, script: 30000}, unhandledPromptBehavior: dismiss and notify, webauthn:extension:credBlob: true, webauthn:extension:largeBlob: true, webauthn:extension:minPinLength: true, webauthn:extension:prf: true, webauthn:virtualAuthenticators: true}
Session ID: 5145f9c7a8cea5b431b4da85435db4b3
	at org.openqa.selenium.remote.ErrorCodec.decode(ErrorCodec.java:167)
	at org.openqa.selenium.remote.codec.w3c.W3CHttpResponseCodec.decode(W3CHttpResponseCodec.java:138)
	at org.openqa.selenium.remote.codec.w3c.W3CHttpResponseCodec.decode(W3CHttpResponseCodec.java:50)
	at org.openqa.selenium.remote.HttpCommandExecutor.execute(HttpCommandExecutor.java:215)
	at org.openqa.selenium.remote.service.DriverCommandExecutor.invokeExecute(DriverCommandExecutor.java:216)
	at org.openqa.selenium.remote.service.DriverCommandExecutor.execute(DriverCommandExecutor.java:174)
	at org.openqa.selenium.remote.RemoteWebDriver.execute(RemoteWebDriver.java:545)
	at org.openqa.selenium.remote.ElementLocation$ElementFinder$2.findElement(ElementLocation.java:165)
	at org.openqa.selenium.remote.ElementLocation.findElement(ElementLocation.java:59)
	at org.openqa.selenium.remote.RemoteWebDriver.findElement(RemoteWebDriver.java:368)
	at org.openqa.selenium.remote.RemoteWebDriver.findElement(RemoteWebDriver.java:362)
	at org.openqa.selenium.support.pagefactory.DefaultElementLocator.findElement(DefaultElementLocator.java:68)
	at org.openqa.selenium.support.pagefactory.internal.LocatingElementHandler.invoke(LocatingElementHandler.java:38)
	at jdk.proxy2/jdk.proxy2.$Proxy27.click(Unknown Source)
	at com.Actions.MyAccountSectionAction.clickRewardPoints(MyAccountSectionAction.java:84)
	at com.Definitions.MyAccountStepDefinition.i_click_reward_points(MyAccountStepDefinition.java:145)
	at ✽.i click Reward points(file:///C:/Users/yuvar/DemoWebShop(Automation)/DemoWebShop-Cucumber/src/test/resources/Features/MyAccountSection.feature:48)
... Removed 3 stack frames</pre></div><a href='#' onClick='toggleBox("stack-trace1183488096", this, "Click to show all stack frames", "Click to hide stack frames")'>Click to show all stack frames</a>
<div class='stack-trace' id='stack-trace1183488096'><pre>org.openqa.selenium.NoSuchElementException: no such element: Unable to locate element: {&quot;method&quot;:&quot;xpath&quot;,&quot;selector&quot;:&quot;//a[text()=&quot;Reward points&quot;]&quot;}
  (Session info: chrome=135.0.7049.85)
For documentation on this error, please visit: https://www.selenium.dev/documentation/webdriver/troubleshooting/errors#no-such-element-exception
Build info: version: &apos;4.31.0&apos;, revision: &apos;1ef9f18787*&apos;
System info: os.name: &apos;Windows 11&apos;, os.arch: &apos;amd64&apos;, os.version: &apos;10.0&apos;, java.version: &apos;21.0.6&apos;
Driver info: org.openqa.selenium.chrome.ChromeDriver
Command: [5145f9c7a8cea5b431b4da85435db4b3, findElement {using=xpath, value=//a[text()=&quot;Reward points&quot;]}]
Capabilities {acceptInsecureCerts: false, browserName: chrome, browserVersion: 135.0.7049.85, chrome: {chromedriverVersion: 135.0.7049.95 (de2eb485a195..., userDataDir: C:\Users\yuvar\AppData\Loca...}, fedcm:accounts: true, goog:chromeOptions: {debuggerAddress: localhost:59775}, networkConnectionEnabled: false, pageLoadStrategy: normal, platformName: windows, proxy: Proxy(), se:cdp: ws://localhost:59775/devtoo..., se:cdpVersion: 135.0.7049.85, setWindowRect: true, strictFileInteractability: false, timeouts: {implicit: 0, pageLoad: 300000, script: 30000}, unhandledPromptBehavior: dismiss and notify, webauthn:extension:credBlob: true, webauthn:extension:largeBlob: true, webauthn:extension:minPinLength: true, webauthn:extension:prf: true, webauthn:virtualAuthenticators: true}
Session ID: 5145f9c7a8cea5b431b4da85435db4b3
	at java.base/jdk.internal.reflect.DirectConstructorHandleAccessor.newInstance(DirectConstructorHandleAccessor.java:62)
	at java.base/java.lang.reflect.Constructor.newInstanceWithCaller(Constructor.java:502)
	at java.base/java.lang.reflect.Constructor.newInstance(Constructor.java:486)
	at org.openqa.selenium.remote.ErrorCodec.decode(ErrorCodec.java:167)
	at org.openqa.selenium.remote.codec.w3c.W3CHttpResponseCodec.decode(W3CHttpResponseCodec.java:138)
	at org.openqa.selenium.remote.codec.w3c.W3CHttpResponseCodec.decode(W3CHttpResponseCodec.java:50)
	at org.openqa.selenium.remote.HttpCommandExecutor.execute(HttpCommandExecutor.java:215)
	at org.openqa.selenium.remote.service.DriverCommandExecutor.invokeExecute(DriverCommandExecutor.java:216)
	at org.openqa.selenium.remote.service.DriverCommandExecutor.execute(DriverCommandExecutor.java:174)
	at org.openqa.selenium.remote.RemoteWebDriver.execute(RemoteWebDriver.java:545)
	at org.openqa.selenium.remote.ElementLocation$ElementFinder$2.findElement(ElementLocation.java:165)
	at org.openqa.selenium.remote.ElementLocation.findElement(ElementLocation.java:59)
	at org.openqa.selenium.remote.RemoteWebDriver.findElement(RemoteWebDriver.java:368)
	at org.openqa.selenium.remote.RemoteWebDriver.findElement(RemoteWebDriver.java:362)
	at org.openqa.selenium.support.pagefactory.DefaultElementLocator.findElement(DefaultElementLocator.java:68)
	at org.openqa.selenium.support.pagefactory.internal.LocatingElementHandler.invoke(LocatingElementHandler.java:38)
	at jdk.proxy2/jdk.proxy2.$Proxy27.click(Unknown Source)
	at com.Actions.MyAccountSectionAction.clickRewardPoints(MyAccountSectionAction.java:84)
	at com.Definitions.MyAccountStepDefinition.i_click_reward_points(MyAccountStepDefinition.java:145)
	at ✽.i click Reward points(file:///C:/Users/yuvar/DemoWebShop(Automation)/DemoWebShop-Cucumber/src/test/resources/Features/MyAccountSection.feature:48)
</pre></div></td>
<td>53</td>
<td>com.Runner.runnerTestNG@6497b078</td></tr>
<tr>
<td title='com.Runner.runnerTestNG.runScenario()'><b>runScenario</b><br>Test class: com.Runner.runnerTestNG<br>Test method: Runs Cucumber Scenarios<br>Parameters: "verify the orders with products details", "Validating My Account Section"</td>
<td><div><pre>org.openqa.selenium.NoSuchElementException: no such element: Unable to locate element: {&quot;method&quot;:&quot;xpath&quot;,&quot;selector&quot;:&quot;//a[text()=&quot;Orders&quot;]&quot;}
  (Session info: chrome=135.0.7049.85)
For documentation on this error, please visit: https://www.selenium.dev/documentation/webdriver/troubleshooting/errors#no-such-element-exception
Build info: version: &apos;4.31.0&apos;, revision: &apos;1ef9f18787*&apos;
System info: os.name: &apos;Windows 11&apos;, os.arch: &apos;amd64&apos;, os.version: &apos;10.0&apos;, java.version: &apos;21.0.6&apos;
Driver info: org.openqa.selenium.chrome.ChromeDriver
Command: [afe1d63910b78fdb84c0fd06057758a5, findElement {using=xpath, value=//a[text()=&quot;Orders&quot;]}]
Capabilities {acceptInsecureCerts: false, browserName: chrome, browserVersion: 135.0.7049.85, chrome: {chromedriverVersion: 135.0.7049.95 (de2eb485a195..., userDataDir: C:\Users\yuvar\AppData\Loca...}, fedcm:accounts: true, goog:chromeOptions: {debuggerAddress: localhost:59767}, networkConnectionEnabled: false, pageLoadStrategy: normal, platformName: windows, proxy: Proxy(), se:cdp: ws://localhost:59767/devtoo..., se:cdpVersion: 135.0.7049.85, setWindowRect: true, strictFileInteractability: false, timeouts: {implicit: 0, pageLoad: 300000, script: 30000}, unhandledPromptBehavior: dismiss and notify, webauthn:extension:credBlob: true, webauthn:extension:largeBlob: true, webauthn:extension:minPinLength: true, webauthn:extension:prf: true, webauthn:virtualAuthenticators: true}
Session ID: afe1d63910b78fdb84c0fd06057758a5
	at org.openqa.selenium.remote.ErrorCodec.decode(ErrorCodec.java:167)
	at org.openqa.selenium.remote.codec.w3c.W3CHttpResponseCodec.decode(W3CHttpResponseCodec.java:138)
	at org.openqa.selenium.remote.codec.w3c.W3CHttpResponseCodec.decode(W3CHttpResponseCodec.java:50)
	at org.openqa.selenium.remote.HttpCommandExecutor.execute(HttpCommandExecutor.java:215)
	at org.openqa.selenium.remote.service.DriverCommandExecutor.invokeExecute(DriverCommandExecutor.java:216)
	at org.openqa.selenium.remote.service.DriverCommandExecutor.execute(DriverCommandExecutor.java:174)
	at org.openqa.selenium.remote.RemoteWebDriver.execute(RemoteWebDriver.java:545)
	at org.openqa.selenium.remote.ElementLocation$ElementFinder$2.findElement(ElementLocation.java:165)
	at org.openqa.selenium.remote.ElementLocation.findElement(ElementLocation.java:59)
	at org.openqa.selenium.remote.RemoteWebDriver.findElement(RemoteWebDriver.java:368)
	at org.openqa.selenium.remote.RemoteWebDriver.findElement(RemoteWebDriver.java:362)
	at org.openqa.selenium.support.pagefactory.DefaultElementLocator.findElement(DefaultElementLocator.java:68)
	at org.openqa.selenium.support.pagefactory.internal.LocatingElementHandler.invoke(LocatingElementHandler.java:38)
	at jdk.proxy2/jdk.proxy2.$Proxy27.getWrappedElement(Unknown Source)
	at org.openqa.selenium.remote.WebElementToJsonConverter.apply(WebElementToJsonConverter.java:48)
	at java.base/java.util.stream.ReferencePipeline$3$1.accept(ReferencePipeline.java:197)
	at java.base/java.util.Spliterators$ArraySpliterator.forEachRemaining(Spliterators.java:1024)
	at java.base/java.util.stream.AbstractPipeline.copyInto(AbstractPipeline.java:509)
	at java.base/java.util.stream.AbstractPipeline.wrapAndCopyInto(AbstractPipeline.java:499)
	at java.base/java.util.stream.ReduceOps$ReduceOp.evaluateSequential(ReduceOps.java:921)
	at java.base/java.util.stream.AbstractPipeline.evaluate(AbstractPipeline.java:234)
	at java.base/java.util.stream.ReferencePipeline.collect(ReferencePipeline.java:682)
	at org.openqa.selenium.remote.RemoteWebDriver.executeScript(RemoteWebDriver.java:474)
	at com.Actions.MyAccountSectionAction.clickOrders(MyAccountSectionAction.java:45)
	at com.Definitions.MyAccountStepDefinition.i_click_orders(MyAccountStepDefinition.java:103)
	at ✽.i click orders(file:///C:/Users/yuvar/DemoWebShop(Automation)/DemoWebShop-Cucumber/src/test/resources/Features/MyAccountSection.feature:35)
... Removed 3 stack frames</pre></div><a href='#' onClick='toggleBox("stack-trace1068737752", this, "Click to show all stack frames", "Click to hide stack frames")'>Click to show all stack frames</a>
<div class='stack-trace' id='stack-trace1068737752'><pre>org.openqa.selenium.NoSuchElementException: no such element: Unable to locate element: {&quot;method&quot;:&quot;xpath&quot;,&quot;selector&quot;:&quot;//a[text()=&quot;Orders&quot;]&quot;}
  (Session info: chrome=135.0.7049.85)
For documentation on this error, please visit: https://www.selenium.dev/documentation/webdriver/troubleshooting/errors#no-such-element-exception
Build info: version: &apos;4.31.0&apos;, revision: &apos;1ef9f18787*&apos;
System info: os.name: &apos;Windows 11&apos;, os.arch: &apos;amd64&apos;, os.version: &apos;10.0&apos;, java.version: &apos;21.0.6&apos;
Driver info: org.openqa.selenium.chrome.ChromeDriver
Command: [afe1d63910b78fdb84c0fd06057758a5, findElement {using=xpath, value=//a[text()=&quot;Orders&quot;]}]
Capabilities {acceptInsecureCerts: false, browserName: chrome, browserVersion: 135.0.7049.85, chrome: {chromedriverVersion: 135.0.7049.95 (de2eb485a195..., userDataDir: C:\Users\yuvar\AppData\Loca...}, fedcm:accounts: true, goog:chromeOptions: {debuggerAddress: localhost:59767}, networkConnectionEnabled: false, pageLoadStrategy: normal, platformName: windows, proxy: Proxy(), se:cdp: ws://localhost:59767/devtoo..., se:cdpVersion: 135.0.7049.85, setWindowRect: true, strictFileInteractability: false, timeouts: {implicit: 0, pageLoad: 300000, script: 30000}, unhandledPromptBehavior: dismiss and notify, webauthn:extension:credBlob: true, webauthn:extension:largeBlob: true, webauthn:extension:minPinLength: true, webauthn:extension:prf: true, webauthn:virtualAuthenticators: true}
Session ID: afe1d63910b78fdb84c0fd06057758a5
	at java.base/jdk.internal.reflect.DirectConstructorHandleAccessor.newInstance(DirectConstructorHandleAccessor.java:62)
	at java.base/java.lang.reflect.Constructor.newInstanceWithCaller(Constructor.java:502)
	at java.base/java.lang.reflect.Constructor.newInstance(Constructor.java:486)
	at org.openqa.selenium.remote.ErrorCodec.decode(ErrorCodec.java:167)
	at org.openqa.selenium.remote.codec.w3c.W3CHttpResponseCodec.decode(W3CHttpResponseCodec.java:138)
	at org.openqa.selenium.remote.codec.w3c.W3CHttpResponseCodec.decode(W3CHttpResponseCodec.java:50)
	at org.openqa.selenium.remote.HttpCommandExecutor.execute(HttpCommandExecutor.java:215)
	at org.openqa.selenium.remote.service.DriverCommandExecutor.invokeExecute(DriverCommandExecutor.java:216)
	at org.openqa.selenium.remote.service.DriverCommandExecutor.execute(DriverCommandExecutor.java:174)
	at org.openqa.selenium.remote.RemoteWebDriver.execute(RemoteWebDriver.java:545)
	at org.openqa.selenium.remote.ElementLocation$ElementFinder$2.findElement(ElementLocation.java:165)
	at org.openqa.selenium.remote.ElementLocation.findElement(ElementLocation.java:59)
	at org.openqa.selenium.remote.RemoteWebDriver.findElement(RemoteWebDriver.java:368)
	at org.openqa.selenium.remote.RemoteWebDriver.findElement(RemoteWebDriver.java:362)
	at org.openqa.selenium.support.pagefactory.DefaultElementLocator.findElement(DefaultElementLocator.java:68)
	at org.openqa.selenium.support.pagefactory.internal.LocatingElementHandler.invoke(LocatingElementHandler.java:38)
	at jdk.proxy2/jdk.proxy2.$Proxy27.getWrappedElement(Unknown Source)
	at org.openqa.selenium.remote.WebElementToJsonConverter.apply(WebElementToJsonConverter.java:48)
	at java.base/java.util.stream.ReferencePipeline$3$1.accept(ReferencePipeline.java:197)
	at java.base/java.util.Spliterators$ArraySpliterator.forEachRemaining(Spliterators.java:1024)
	at java.base/java.util.stream.AbstractPipeline.copyInto(AbstractPipeline.java:509)
	at java.base/java.util.stream.AbstractPipeline.wrapAndCopyInto(AbstractPipeline.java:499)
	at java.base/java.util.stream.ReduceOps$ReduceOp.evaluateSequential(ReduceOps.java:921)
	at java.base/java.util.stream.AbstractPipeline.evaluate(AbstractPipeline.java:234)
	at java.base/java.util.stream.ReferencePipeline.collect(ReferencePipeline.java:682)
	at org.openqa.selenium.remote.RemoteWebDriver.executeScript(RemoteWebDriver.java:474)
	at com.Actions.MyAccountSectionAction.clickOrders(MyAccountSectionAction.java:45)
	at com.Definitions.MyAccountStepDefinition.i_click_orders(MyAccountStepDefinition.java:103)
	at ✽.i click orders(file:///C:/Users/yuvar/DemoWebShop(Automation)/DemoWebShop-Cucumber/src/test/resources/Features/MyAccountSection.feature:35)
</pre></div></td>
<td>75</td>
<td>com.Runner.runnerTestNG@6497b078</td></tr>
<tr>
<td title='com.Runner.runnerTestNG.runScenario()'><b>runScenario</b><br>Test class: com.Runner.runnerTestNG<br>Test method: Runs Cucumber Scenarios<br>Parameters: "To read the invoice pdf in the application", "Checkout the product in the web Application"</td>
<td><div><pre>com.Actions.CheckoutAction$ProductSearchException: Failed to search for product: laptop. Error: stale element reference: stale element not found
  (Session info: chrome=135.0.7049.85)
For documentation on this error, please visit: https://www.selenium.dev/documentation/webdriver/troubleshooting/errors#stale-element-reference-exception
Build info: version: &apos;4.31.0&apos;, revision: &apos;1ef9f18787*&apos;
System info: os.name: &apos;Windows 11&apos;, os.arch: &apos;amd64&apos;, os.version: &apos;10.0&apos;, java.version: &apos;21.0.6&apos;
Driver info: org.openqa.selenium.chrome.ChromeDriver
Command: [d90ee1287bc961ba3dd6e28479856124, sendKeysToElement {id=f.BDCA114CF501E58B65D366C50D091225.d.387AABB410193BEF6D6331D34A16B1C0.e.57, value=[Ljava.lang.CharSequence;@48a53ca8}]
Capabilities {acceptInsecureCerts: false, browserName: chrome, browserVersion: 135.0.7049.85, chrome: {chromedriverVersion: 135.0.7049.95 (de2eb485a195..., userDataDir: C:\Users\yuvar\AppData\Loca...}, fedcm:accounts: true, goog:chromeOptions: {debuggerAddress: localhost:59092}, networkConnectionEnabled: false, pageLoadStrategy: normal, platformName: windows, proxy: Proxy(), se:cdp: ws://localhost:59092/devtoo..., se:cdpVersion: 135.0.7049.85, setWindowRect: true, strictFileInteractability: false, timeouts: {implicit: 0, pageLoad: 300000, script: 30000}, unhandledPromptBehavior: dismiss and notify, webauthn:extension:credBlob: true, webauthn:extension:largeBlob: true, webauthn:extension:minPinLength: true, webauthn:extension:prf: true, webauthn:virtualAuthenticators: true}
Element: [[ChromeDriver: chrome on windows (d90ee1287bc961ba3dd6e28479856124)] -&gt; xpath: //input[@id=&quot;small-searchterms&quot;]]
Session ID: d90ee1287bc961ba3dd6e28479856124
	at com.Actions.CheckoutAction.searchAnItem(CheckoutAction.java:45)
	at com.Definitions.CheckoutStepDefinition.i_log_in_and_add_an_item_and_add_to_cart(CheckoutStepDefinition.java:27)
	at ✽.I log in and add an item and add to cart(file:///C:/Users/yuvar/DemoWebShop(Automation)/DemoWebShop-Cucumber/src/test/resources/Features/CheckOut.feature:5)
</pre></div><a href='#' onClick='toggleBox("stack-trace1426606452", this, "Click to show all stack frames", "Click to hide stack frames")'>Click to show all stack frames</a>
<div class='stack-trace' id='stack-trace1426606452'><pre>com.Actions.CheckoutAction$ProductSearchException: Failed to search for product: laptop. Error: stale element reference: stale element not found
  (Session info: chrome=135.0.7049.85)
For documentation on this error, please visit: https://www.selenium.dev/documentation/webdriver/troubleshooting/errors#stale-element-reference-exception
Build info: version: &apos;4.31.0&apos;, revision: &apos;1ef9f18787*&apos;
System info: os.name: &apos;Windows 11&apos;, os.arch: &apos;amd64&apos;, os.version: &apos;10.0&apos;, java.version: &apos;21.0.6&apos;
Driver info: org.openqa.selenium.chrome.ChromeDriver
Command: [d90ee1287bc961ba3dd6e28479856124, sendKeysToElement {id=f.BDCA114CF501E58B65D366C50D091225.d.387AABB410193BEF6D6331D34A16B1C0.e.57, value=[Ljava.lang.CharSequence;@48a53ca8}]
Capabilities {acceptInsecureCerts: false, browserName: chrome, browserVersion: 135.0.7049.85, chrome: {chromedriverVersion: 135.0.7049.95 (de2eb485a195..., userDataDir: C:\Users\yuvar\AppData\Loca...}, fedcm:accounts: true, goog:chromeOptions: {debuggerAddress: localhost:59092}, networkConnectionEnabled: false, pageLoadStrategy: normal, platformName: windows, proxy: Proxy(), se:cdp: ws://localhost:59092/devtoo..., se:cdpVersion: 135.0.7049.85, setWindowRect: true, strictFileInteractability: false, timeouts: {implicit: 0, pageLoad: 300000, script: 30000}, unhandledPromptBehavior: dismiss and notify, webauthn:extension:credBlob: true, webauthn:extension:largeBlob: true, webauthn:extension:minPinLength: true, webauthn:extension:prf: true, webauthn:virtualAuthenticators: true}
Element: [[ChromeDriver: chrome on windows (d90ee1287bc961ba3dd6e28479856124)] -&gt; xpath: //input[@id=&quot;small-searchterms&quot;]]
Session ID: d90ee1287bc961ba3dd6e28479856124
	at com.Actions.CheckoutAction.searchAnItem(CheckoutAction.java:45)
	at com.Definitions.CheckoutStepDefinition.i_log_in_and_add_an_item_and_add_to_cart(CheckoutStepDefinition.java:27)
	at ✽.I log in and add an item and add to cart(file:///C:/Users/yuvar/DemoWebShop(Automation)/DemoWebShop-Cucumber/src/test/resources/Features/CheckOut.feature:5)
</pre></div></td>
<td>19</td>
<td>com.Runner.runnerTestNG@6497b078</td></tr>
</table><p>
<table width='100%' border='1' class='invocation-passed'>
<tr><td colspan='4' align='center'><b>PASSED TESTS</b></td></tr>
<tr><td><b>Test method</b></td>
<td><b>Attribute(s)</b></td>
<td width="30%"><b>Exception</b></td>
<td width="10%"><b>Time (seconds)</b></td>
<td><b>Instance</b></td>
</tr>
<tr>
<td title='com.Runner.runnerTestNG.runScenario()'><b>runScenario</b><br>Test class: com.Runner.runnerTestNG<br>Test method: Runs Cucumber Scenarios<br>Parameters: "Tags should be navigated to product page", "Popular tags"</td>
<td></td>
<td>12</td>
<td>com.Runner.runnerTestNG@6497b078</td></tr>
<tr>
<td title='com.Runner.runnerTestNG.runScenario()'><b>runScenario</b><br>Test class: com.Runner.runnerTestNG<br>Test method: Runs Cucumber Scenarios<br>Parameters: "Register on the website with valid and invalid fields", "User Registeration"</td>
<td></td>
<td>9</td>
<td>com.Runner.runnerTestNG@6497b078</td></tr>
<tr>
<td title='com.Runner.runnerTestNG.runScenario()'><b>runScenario</b><br>Test class: com.Runner.runnerTestNG<br>Test method: Runs Cucumber Scenarios<br>Parameters: "Tags should be navigated to product page", "Popular tags"</td>
<td></td>
<td>12</td>
<td>com.Runner.runnerTestNG@6497b078</td></tr>
<tr>
<td title='com.Runner.runnerTestNG.runScenario()'><b>runScenario</b><br>Test class: com.Runner.runnerTestNG<br>Test method: Runs Cucumber Scenarios<br>Parameters: "verify the back in stock subscriptions", "Validating My Account Section"</td>
<td></td>
<td>17</td>
<td>com.Runner.runnerTestNG@6497b078</td></tr>
<tr>
<td title='com.Runner.runnerTestNG.runScenario()'><b>runScenario</b><br>Test class: com.Runner.runnerTestNG<br>Test method: Runs Cucumber Scenarios<br>Parameters: "View submitted reviews of a product", "Review a product Functionality"</td>
<td></td>
<td>17</td>
<td>com.Runner.runnerTestNG@6497b078</td></tr>
<tr>
<td title='com.Runner.runnerTestNG.runScenario()'><b>runScenario</b><br>Test class: com.Runner.runnerTestNG<br>Test method: Runs Cucumber Scenarios<br>Parameters: "Write a review without logging in", "Review a product Functionality"</td>
<td></td>
<td>17</td>
<td>com.Runner.runnerTestNG@6497b078</td></tr>
<tr>
<td title='com.Runner.runnerTestNG.runScenario()'><b>runScenario</b><br>Test class: com.Runner.runnerTestNG<br>Test method: Runs Cucumber Scenarios<br>Parameters: "ChangePassword", "Validating My Account Section"</td>
<td></td>
<td>22</td>
<td>com.Runner.runnerTestNG@6497b078</td></tr>
<tr>
<td title='com.Runner.runnerTestNG.runScenario()'><b>runScenario</b><br>Test class: com.Runner.runnerTestNG<br>Test method: Runs Cucumber Scenarios<br>Parameters: "send a product details through Invalid email a friend", "Product Details Validation and purchasing in the Shopping cart page"</td>
<td></td>
<td>20</td>
<td>com.Runner.runnerTestNG@6497b078</td></tr>
<tr>
<td title='com.Runner.runnerTestNG.runScenario()'><b>runScenario</b><br>Test class: com.Runner.runnerTestNG<br>Test method: Runs Cucumber Scenarios<br>Parameters: "Register on the website with valid and invalid fields", "User Registeration"</td>
<td></td>
<td>11</td>
<td>com.Runner.runnerTestNG@6497b078</td></tr>
<tr>
<td title='com.Runner.runnerTestNG.runScenario()'><b>runScenario</b><br>Test class: com.Runner.runnerTestNG<br>Test method: Runs Cucumber Scenarios<br>Parameters: "verify the user is on the digital download page", "category under digital download product is added to cart"</td>
<td></td>
<td>12</td>
<td>com.Runner.runnerTestNG@6497b078</td></tr>
<tr>
<td title='com.Runner.runnerTestNG.runScenario()'><b>runScenario</b><br>Test class: com.Runner.runnerTestNG<br>Test method: Runs Cucumber Scenarios<br>Parameters: "Apply filter options for books", "Book Product Functionality"</td>
<td></td>
<td>43</td>
<td>com.Runner.runnerTestNG@6497b078</td></tr>
<tr>
<td title='com.Runner.runnerTestNG.runScenario()'><b>runScenario</b><br>Test class: com.Runner.runnerTestNG<br>Test method: Runs Cucumber Scenarios<br>Parameters: "user should click the store pick up after the shipping methods", "Checkout the product in the web Application"</td>
<td></td>
<td>29</td>
<td>com.Runner.runnerTestNG@6497b078</td></tr>
<tr>
<td title='com.Runner.runnerTestNG.runScenario()'><b>runScenario</b><br>Test class: com.Runner.runnerTestNG<br>Test method: Runs Cucumber Scenarios<br>Parameters: "Simple product search with valid keyword", "Search Functionality"</td>
<td></td>
<td>12</td>
<td>com.Runner.runnerTestNG@6497b078</td></tr>
<tr>
<td title='com.Runner.runnerTestNG.runScenario()'><b>runScenario</b><br>Test class: com.Runner.runnerTestNG<br>Test method: Runs Cucumber Scenarios<br>Parameters: "Login with valid and invalid credentials", "Login"</td>
<td></td>
<td>14</td>
<td>com.Runner.runnerTestNG@6497b078</td></tr>
<tr>
<td title='com.Runner.runnerTestNG.runScenario()'><b>runScenario</b><br>Test class: com.Runner.runnerTestNG<br>Test method: Runs Cucumber Scenarios<br>Parameters: "Submit review with valid and invalid inputs", "Review a product Functionality"</td>
<td></td>
<td>19</td>
<td>com.Runner.runnerTestNG@6497b078</td></tr>
<tr>
<td title='com.Runner.runnerTestNG.runScenario()'><b>runScenario</b><br>Test class: com.Runner.runnerTestNG<br>Test method: Runs Cucumber Scenarios<br>Parameters: "Register on the website with valid and invalid fields", "User Registeration"</td>
<td></td>
<td>12</td>
<td>com.Runner.runnerTestNG@6497b078</td></tr>
<tr>
<td title='com.Runner.runnerTestNG.runScenario()'><b>runScenario</b><br>Test class: com.Runner.runnerTestNG<br>Test method: Runs Cucumber Scenarios<br>Parameters: "select the filters view product", "category under digital download product is added to cart"</td>
<td></td>
<td>12</td>
<td>com.Runner.runnerTestNG@6497b078</td></tr>
<tr>
<td title='com.Runner.runnerTestNG.runScenario()'><b>runScenario</b><br>Test class: com.Runner.runnerTestNG<br>Test method: Runs Cucumber Scenarios<br>Parameters: "Adding Address", "Validating Address Section"</td>
<td></td>
<td>57</td>
<td>com.Runner.runnerTestNG@6497b078</td></tr>
<tr>
<td title='com.Runner.runnerTestNG.runScenario()'><b>runScenario</b><br>Test class: com.Runner.runnerTestNG<br>Test method: Runs Cucumber Scenarios<br>Parameters: "Register on the website with valid and invalid fields", "User Registeration"</td>
<td></td>
<td>18</td>
<td>com.Runner.runnerTestNG@6497b078</td></tr>
<tr>
<td title='com.Runner.runnerTestNG.runScenario()'><b>runScenario</b><br>Test class: com.Runner.runnerTestNG<br>Test method: Runs Cucumber Scenarios<br>Parameters: "View all books available", "Book Product Functionality"</td>
<td></td>
<td>21</td>
<td>com.Runner.runnerTestNG@6497b078</td></tr>
<tr>
<td title='com.Runner.runnerTestNG.runScenario()'><b>runScenario</b><br>Test class: com.Runner.runnerTestNG<br>Test method: Runs Cucumber Scenarios<br>Parameters: "Forgot password with valid and invalid email", "Login"</td>
<td></td>
<td>15</td>
<td>com.Runner.runnerTestNG@6497b078</td></tr>
<tr>
<td title='com.Runner.runnerTestNG.runScenario()'><b>runScenario</b><br>Test class: com.Runner.runnerTestNG<br>Test method: Runs Cucumber Scenarios<br>Parameters: "Register on the website with valid and invalid fields", "User Registeration"</td>
<td></td>
<td>14</td>
<td>com.Runner.runnerTestNG@6497b078</td></tr>
<tr>
<td title='com.Runner.runnerTestNG.runScenario()'><b>runScenario</b><br>Test class: com.Runner.runnerTestNG<br>Test method: Runs Cucumber Scenarios<br>Parameters: "Forgot password with valid and invalid email", "Login"</td>
<td></td>
<td>13</td>
<td>com.Runner.runnerTestNG@6497b078</td></tr>
<tr>
<td title='com.Runner.runnerTestNG.runScenario()'><b>runScenario</b><br>Test class: com.Runner.runnerTestNG<br>Test method: Runs Cucumber Scenarios<br>Parameters: "Register on the website with valid and invalid fields", "User Registeration"</td>
<td></td>
<td>9</td>
<td>com.Runner.runnerTestNG@6497b078</td></tr>
<tr>
<td title='com.Runner.runnerTestNG.runScenario()'><b>runScenario</b><br>Test class: com.Runner.runnerTestNG<br>Test method: Runs Cucumber Scenarios<br>Parameters: "Verify the product is added in wishlist to shopping cart", "Product Details Validation and purchasing in the Shopping cart page"</td>
<td></td>
<td>19</td>
<td>com.Runner.runnerTestNG@6497b078</td></tr>
<tr>
<td title='com.Runner.runnerTestNG.runScenario()'><b>runScenario</b><br>Test class: com.Runner.runnerTestNG<br>Test method: Runs Cucumber Scenarios<br>Parameters: "View featured products as list", "HomePageFunctionality"</td>
<td></td>
<td>10</td>
<td>com.Runner.runnerTestNG@6497b078</td></tr>
<tr>
<td title='com.Runner.runnerTestNG.runScenario()'><b>runScenario</b><br>Test class: com.Runner.runnerTestNG<br>Test method: Runs Cucumber Scenarios<br>Parameters: "send a product details through valid email a friend", "Product Details Validation and purchasing in the Shopping cart page"</td>
<td></td>
<td>48</td>
<td>com.Runner.runnerTestNG@6497b078</td></tr>
<tr>
<td title='com.Runner.runnerTestNG.runScenario()'><b>runScenario</b><br>Test class: com.Runner.runnerTestNG<br>Test method: Runs Cucumber Scenarios<br>Parameters: "add product to the cart", "category under digital download product is added to cart"</td>
<td></td>
<td>12</td>
<td>com.Runner.runnerTestNG@6497b078</td></tr>
<tr>
<td title='com.Runner.runnerTestNG.runScenario()'><b>runScenario</b><br>Test class: com.Runner.runnerTestNG<br>Test method: Runs Cucumber Scenarios<br>Parameters: "Search with invalid or short keywords", "Search Functionality"</td>
<td></td>
<td>22</td>
<td>com.Runner.runnerTestNG@6497b078</td></tr>
<tr>
<td title='com.Runner.runnerTestNG.runScenario()'><b>runScenario</b><br>Test class: com.Runner.runnerTestNG<br>Test method: Runs Cucumber Scenarios<br>Parameters: "Deleting the already present address", "Validating Address Section"</td>
<td></td>
<td>42</td>
<td>com.Runner.runnerTestNG@6497b078</td></tr>
<tr>
<td title='com.Runner.runnerTestNG.runScenario()'><b>runScenario</b><br>Test class: com.Runner.runnerTestNG<br>Test method: Runs Cucumber Scenarios<br>Parameters: "Validating the Product Details and Adding to Cart", "Product Details Validation and purchasing in the Shopping cart page"</td>
<td></td>
<td>18</td>
<td>com.Runner.runnerTestNG@6497b078</td></tr>
<tr>
<td title='com.Runner.runnerTestNG.runScenario()'><b>runScenario</b><br>Test class: com.Runner.runnerTestNG<br>Test method: Runs Cucumber Scenarios<br>Parameters: "Perform advanced product search with various filter combinations", "Search Functionality"</td>
<td></td>
<td>19</td>
<td>com.Runner.runnerTestNG@6497b078</td></tr>
<tr>
<td title='com.Runner.runnerTestNG.runScenario()'><b>runScenario</b><br>Test class: com.Runner.runnerTestNG<br>Test method: Runs Cucumber Scenarios<br>Parameters: "Search with invalid or short keywords", "Search Functionality"</td>
<td></td>
<td>11</td>
<td>com.Runner.runnerTestNG@6497b078</td></tr>
<tr>
<td title='com.Runner.runnerTestNG.runScenario()'><b>runScenario</b><br>Test class: com.Runner.runnerTestNG<br>Test method: Runs Cucumber Scenarios<br>Parameters: "Poll the vote without logging in", "HomePageFunctionality"</td>
<td></td>
<td>10</td>
<td>com.Runner.runnerTestNG@6497b078</td></tr>
<tr>
<td title='com.Runner.runnerTestNG.runScenario()'><b>runScenario</b><br>Test class: com.Runner.runnerTestNG<br>Test method: Runs Cucumber Scenarios<br>Parameters: "checkout and download the invoice pdf", "Checkout the product in the web Application"</td>
<td></td>
<td>41</td>
<td>com.Runner.runnerTestNG@6497b078</td></tr>
<tr>
<td title='com.Runner.runnerTestNG.runScenario()'><b>runScenario</b><br>Test class: com.Runner.runnerTestNG<br>Test method: Runs Cucumber Scenarios<br>Parameters: "Subscribe with valid email address", "HomePageFunctionality"</td>
<td></td>
<td>12</td>
<td>com.Runner.runnerTestNG@6497b078</td></tr>
<tr>
<td title='com.Runner.runnerTestNG.runScenario()'><b>runScenario</b><br>Test class: com.Runner.runnerTestNG<br>Test method: Runs Cucumber Scenarios<br>Parameters: "Search with invalid or short keywords", "Search Functionality"</td>
<td></td>
<td>12</td>
<td>com.Runner.runnerTestNG@6497b078</td></tr>
<tr>
<td title='com.Runner.runnerTestNG.runScenario()'><b>runScenario</b><br>Test class: com.Runner.runnerTestNG<br>Test method: Runs Cucumber Scenarios<br>Parameters: "Login with valid and invalid credentials", "Login"</td>
<td></td>
<td>14</td>
<td>com.Runner.runnerTestNG@6497b078</td></tr>
<tr>
<td title='com.Runner.runnerTestNG.runScenario()'><b>runScenario</b><br>Test class: com.Runner.runnerTestNG<br>Test method: Runs Cucumber Scenarios<br>Parameters: "Subscribe with invalid email address", "HomePageFunctionality"</td>
<td></td>
<td>13</td>
<td>com.Runner.runnerTestNG@6497b078</td></tr>
<tr>
<td title='com.Runner.runnerTestNG.runScenario()'><b>runScenario</b><br>Test class: com.Runner.runnerTestNG<br>Test method: Runs Cucumber Scenarios<br>Parameters: "Register on the website with valid and invalid fields", "User Registeration"</td>
<td></td>
<td>11</td>
<td>com.Runner.runnerTestNG@6497b078</td></tr>
<tr>
<td title='com.Runner.runnerTestNG.runScenario()'><b>runScenario</b><br>Test class: com.Runner.runnerTestNG<br>Test method: Runs Cucumber Scenarios<br>Parameters: "purchase an item and choose the two day shipping", "Checkout the product in the web Application"</td>
<td></td>
<td>62</td>
<td>com.Runner.runnerTestNG@6497b078</td></tr>
<tr>
<td title='com.Runner.runnerTestNG.runScenario()'><b>runScenario</b><br>Test class: com.Runner.runnerTestNG<br>Test method: Runs Cucumber Scenarios<br>Parameters: "Navigate to checkout page Without clicking the terms & conditions", "Checkout the product in the web Application"</td>
<td></td>
<td>21</td>
<td>com.Runner.runnerTestNG@6497b078</td></tr>
<tr>
<td title='com.Runner.runnerTestNG.runScenario()'><b>runScenario</b><br>Test class: com.Runner.runnerTestNG<br>Test method: Runs Cucumber Scenarios<br>Parameters: "Login with valid and invalid credentials", "Login"</td>
<td></td>
<td>14</td>
<td>com.Runner.runnerTestNG@6497b078</td></tr>
<tr>
<td title='com.Runner.runnerTestNG.runScenario()'><b>runScenario</b><br>Test class: com.Runner.runnerTestNG<br>Test method: Runs Cucumber Scenarios<br>Parameters: "Submit review with valid and invalid inputs", "Review a product Functionality"</td>
<td></td>
<td>27</td>
<td>com.Runner.runnerTestNG@6497b078</td></tr>
<tr>
<td title='com.Runner.runnerTestNG.runScenario()'><b>runScenario</b><br>Test class: com.Runner.runnerTestNG<br>Test method: Runs Cucumber Scenarios<br>Parameters: "View details of a specific book", "Book Product Functionality"</td>
<td></td>
<td>21</td>
<td>com.Runner.runnerTestNG@6497b078</td></tr>
<tr>
<td title='com.Runner.runnerTestNG.runScenario()'><b>runScenario</b><br>Test class: com.Runner.runnerTestNG<br>Test method: Runs Cucumber Scenarios<br>Parameters: "Perform advanced product search with various filter combinations", "Search Functionality"</td>
<td></td>
<td>25</td>
<td>com.Runner.runnerTestNG@6497b078</td></tr>
<tr>
<td title='com.Runner.runnerTestNG.runScenario()'><b>runScenario</b><br>Test class: com.Runner.runnerTestNG<br>Test method: Runs Cucumber Scenarios<br>Parameters: "verify the quantity of the product is increased", "Product Details Validation and purchasing in the Shopping cart page"</td>
<td></td>
<td>21</td>
<td>com.Runner.runnerTestNG@6497b078</td></tr>
<tr>
<td title='com.Runner.runnerTestNG.runScenario()'><b>runScenario</b><br>Test class: com.Runner.runnerTestNG<br>Test method: Runs Cucumber Scenarios<br>Parameters: "Forgot password with valid and invalid email", "Login"</td>
<td></td>
<td>11</td>
<td>com.Runner.runnerTestNG@6497b078</td></tr>
<tr>
<td title='com.Runner.runnerTestNG.runScenario()'><b>runScenario</b><br>Test class: com.Runner.runnerTestNG<br>Test method: Runs Cucumber Scenarios<br>Parameters: "Apply all Sort By options for books", "Book Product Functionality"</td>
<td></td>
<td>22</td>
<td>com.Runner.runnerTestNG@6497b078</td></tr>
<tr>
<td title='com.Runner.runnerTestNG.runScenario()'><b>runScenario</b><br>Test class: com.Runner.runnerTestNG<br>Test method: Runs Cucumber Scenarios<br>Parameters: "verify the customer info", "Validating My Account Section"</td>
<td></td>
<td>23</td>
<td>com.Runner.runnerTestNG@6497b078</td></tr>
<tr>
<td title='com.Runner.runnerTestNG.runScenario()'><b>runScenario</b><br>Test class: com.Runner.runnerTestNG<br>Test method: Runs Cucumber Scenarios<br>Parameters: "Verify the product is same as in the auto-generated url in wishlist page", "Product Details Validation and purchasing in the Shopping cart page"</td>
<td></td>
<td>22</td>
<td>com.Runner.runnerTestNG@6497b078</td></tr>
<tr>
<td title='com.Runner.runnerTestNG.runScenario()'><b>runScenario</b><br>Test class: com.Runner.runnerTestNG<br>Test method: Runs Cucumber Scenarios<br>Parameters: "To get a Shipping Estimation details", "Product Details Validation and purchasing in the Shopping cart page"</td>
<td></td>
<td>30</td>
<td>com.Runner.runnerTestNG@6497b078</td></tr>
<tr>
<td title='com.Runner.runnerTestNG.runScenario()'><b>runScenario</b><br>Test class: com.Runner.runnerTestNG<br>Test method: Runs Cucumber Scenarios<br>Parameters: "Login with valid and invalid credentials", "Login"</td>
<td></td>
<td>16</td>
<td>com.Runner.runnerTestNG@6497b078</td></tr>
<tr>
<td title='com.Runner.runnerTestNG.runScenario()'><b>runScenario</b><br>Test class: com.Runner.runnerTestNG<br>Test method: Runs Cucumber Scenarios<br>Parameters: "checkout an item in the application", "Checkout the product in the web Application"</td>
<td></td>
<td>28</td>
<td>com.Runner.runnerTestNG@6497b078</td></tr>
<tr>
<td title='com.Runner.runnerTestNG.runScenario()'><b>runScenario</b><br>Test class: com.Runner.runnerTestNG<br>Test method: Runs Cucumber Scenarios<br>Parameters: "ChangePassword", "Validating My Account Section"</td>
<td></td>
<td>29</td>
<td>com.Runner.runnerTestNG@6497b078</td></tr>
<tr>
<td title='com.Runner.runnerTestNG.runScenario()'><b>runScenario</b><br>Test class: com.Runner.runnerTestNG<br>Test method: Runs Cucumber Scenarios<br>Parameters: "Comparing two different products", "Book Product Functionality"</td>
<td></td>
<td>28</td>
<td>com.Runner.runnerTestNG@6497b078</td></tr>
<tr>
<td title='com.Runner.runnerTestNG.runScenario()'><b>runScenario</b><br>Test class: com.Runner.runnerTestNG<br>Test method: Runs Cucumber Scenarios<br>Parameters: "Adding and Removing a Product in the Shopping Cart", "Product Details Validation and purchasing in the Shopping cart page"</td>
<td></td>
<td>20</td>
<td>com.Runner.runnerTestNG@6497b078</td></tr>
</table><p>
</body>
</html>