<?xml version="1.0" encoding="UTF-8"?>
<!-- Generated by org.testng.reporters.JUnitReportReporter -->
<testsuite hostname="DIVRAJ-2004" failures="0" tests="71" name="com.Runner.runnerTestNG" time="1210.692" errors="9" timestamp="2025-05-06T15:35:47 IST" skipped="0">
  <testcase classname="com.Runner.runnerTestNG" name="runScenario" time="22.870"/>
  <testcase classname="com.Runner.runnerTestNG" name="runScenario" time="23.044"/>
  <testcase classname="com.Runner.runnerTestNG" name="runScenario" time="11.785"/>
  <testcase classname="com.Runner.runnerTestNG" name="runScenario" time="22.330"/>
  <testcase classname="com.Runner.runnerTestNG" name="runScenario" time="33.529"/>
  <testcase classname="com.Runner.runnerTestNG" name="runScenario" time="24.339"/>
  <testcase classname="com.Runner.runnerTestNG" name="runScenario" time="16.579"/>
  <testcase classname="com.Runner.runnerTestNG" name="runScenario" time="18.475"/>
  <testcase classname="com.Runner.runnerTestNG" name="runScenario" time="17.264"/>
  <testcase classname="com.Runner.runnerTestNG" name="runScenario" time="16.093"/>
  <testcase classname="com.Runner.runnerTestNG" name="runScenario" time="10.487"/>
  <testcase classname="com.Runner.runnerTestNG" name="runScenario" time="23.445"/>
  <testcase classname="com.Runner.runnerTestNG" name="runScenario" time="10.467"/>
  <testcase classname="com.Runner.runnerTestNG" name="runScenario" time="7.311"/>
  <testcase classname="com.Runner.runnerTestNG" name="runScenario" time="9.575"/>
  <testcase classname="com.Runner.runnerTestNG" name="runScenario" time="11.906"/>
  <testcase classname="com.Runner.runnerTestNG" name="runScenario" time="14.830"/>
  <testcase classname="com.Runner.runnerTestNG" name="runScenario" time="10.329"/>
  <testcase classname="com.Runner.runnerTestNG" name="runScenario" time="12.195"/>
  <testcase classname="com.Runner.runnerTestNG" name="runScenario" time="13.263"/>
  <testcase classname="com.Runner.runnerTestNG" name="runScenario" time="49.973">
    <error message="Expected condition failed: waiting for visibility of element located by By.xpath: //div[@class=&quot;page-body&quot;]//child::div[@class=&quot;result&quot;] (tried for 30 second(s) with 500 milliseconds interval)
Build info: version: &#039;4.31.0&#039;, revision: &#039;1ef9f18787*&#039;
System info: os.name: &#039;Windows 11&#039;, os.arch: &#039;amd64&#039;, os.version: &#039;10.0&#039;, java.version: &#039;21.0.6&#039;
Driver info: org.openqa.selenium.chrome.ChromeDriver
Capabilities {acceptInsecureCerts: false, browserName: chrome, browserVersion: 136.0.7103.49, chrome: {chromedriverVersion: 136.0.7103.49 (031848bc6ad0..., userDataDir: C:\Users\Lenovo\AppData\Loc...}, fedcm:accounts: true, goog:chromeOptions: {debuggerAddress: localhost:59903}, networkConnectionEnabled: false, pageLoadStrategy: normal, platformName: windows, proxy: Proxy(), se:cdp: ws://localhost:59903/devtoo..., se:cdpVersion: 136.0.7103.49, setWindowRect: true, strictFileInteractability: false, timeouts: {implicit: 0, pageLoad: 300000, script: 30000}, unhandledPromptBehavior: dismiss and notify, webauthn:extension:credBlob: true, webauthn:extension:largeBlob: true, webauthn:extension:minPinLength: true, webauthn:extension:prf: true, webauthn:virtualAuthenticators: true}
Session ID: a01d697b0685f4567eb673b73bdfff01" type="org.openqa.selenium.TimeoutException">
      <![CDATA[org.openqa.selenium.TimeoutException: Expected condition failed: waiting for visibility of element located by By.xpath: //div[@class="page-body"]//child::div[@class="result"] (tried for 30 second(s) with 500 milliseconds interval)
Build info: version: '4.31.0', revision: '1ef9f18787*'
System info: os.name: 'Windows 11', os.arch: 'amd64', os.version: '10.0', java.version: '21.0.6'
Driver info: org.openqa.selenium.chrome.ChromeDriver
Capabilities {acceptInsecureCerts: false, browserName: chrome, browserVersion: 136.0.7103.49, chrome: {chromedriverVersion: 136.0.7103.49 (031848bc6ad0..., userDataDir: C:\Users\Lenovo\AppData\Loc...}, fedcm:accounts: true, goog:chromeOptions: {debuggerAddress: localhost:59903}, networkConnectionEnabled: false, pageLoadStrategy: normal, platformName: windows, proxy: Proxy(), se:cdp: ws://localhost:59903/devtoo..., se:cdpVersion: 136.0.7103.49, setWindowRect: true, strictFileInteractability: false, timeouts: {implicit: 0, pageLoad: 300000, script: 30000}, unhandledPromptBehavior: dismiss and notify, webauthn:extension:credBlob: true, webauthn:extension:largeBlob: true, webauthn:extension:minPinLength: true, webauthn:extension:prf: true, webauthn:virtualAuthenticators: true}
Session ID: a01d697b0685f4567eb673b73bdfff01
at org.openqa.selenium.support.ui.WebDriverWait.timeoutException(WebDriverWait.java:84)
at org.openqa.selenium.support.ui.FluentWait.until(FluentWait.java:228)
at com.Actions.FooterAction.getConfirmation(FooterAction.java:55)
at com.Definitions.FooterDefinition.the_confirmation_should_be_displayed(FooterDefinition.java:86)
at ✽.the confirmation should be displayed(file:///C:/Users/Lenovo/git/DemoWebShop-Cucumber/src/test/resources/Features/Footer.feature:26)
]]>
    </error>
  </testcase> <!-- runScenario -->
  <testcase classname="com.Runner.runnerTestNG" name="runScenario" time="9.278"/>
  <testcase classname="com.Runner.runnerTestNG" name="runScenario" time="24.332"/>
  <testcase classname="com.Runner.runnerTestNG" name="runScenario" time="17.310"/>
  <testcase classname="com.Runner.runnerTestNG" name="runScenario" time="10.987"/>
  <testcase classname="com.Runner.runnerTestNG" name="runScenario" time="13.821"/>
  <testcase classname="com.Runner.runnerTestNG" name="runScenario" time="49.579">
    <error message="Expected condition failed: waiting for visibility of element located by By.xpath:  //div[@class=&quot;home-banner-text-section&quot;]//h1 (tried for 30 second(s) with 500 milliseconds interval)
Build info: version: &#039;4.31.0&#039;, revision: &#039;1ef9f18787*&#039;
System info: os.name: &#039;Windows 11&#039;, os.arch: &#039;amd64&#039;, os.version: &#039;10.0&#039;, java.version: &#039;21.0.6&#039;
Driver info: org.openqa.selenium.chrome.ChromeDriver
Capabilities {acceptInsecureCerts: false, browserName: chrome, browserVersion: 136.0.7103.49, chrome: {chromedriverVersion: 136.0.7103.49 (031848bc6ad0..., userDataDir: C:\Users\Lenovo\AppData\Loc...}, fedcm:accounts: true, goog:chromeOptions: {debuggerAddress: localhost:59853}, networkConnectionEnabled: false, pageLoadStrategy: normal, platformName: windows, proxy: Proxy(), se:cdp: ws://localhost:59853/devtoo..., se:cdpVersion: 136.0.7103.49, setWindowRect: true, strictFileInteractability: false, timeouts: {implicit: 0, pageLoad: 300000, script: 30000}, unhandledPromptBehavior: dismiss and notify, webauthn:extension:credBlob: true, webauthn:extension:largeBlob: true, webauthn:extension:minPinLength: true, webauthn:extension:prf: true, webauthn:virtualAuthenticators: true}
Session ID: 179ce50cfc52f9f26d1de11ddc0d9361" type="org.openqa.selenium.TimeoutException">
      <![CDATA[org.openqa.selenium.TimeoutException: Expected condition failed: waiting for visibility of element located by By.xpath:  //div[@class="home-banner-text-section"]//h1 (tried for 30 second(s) with 500 milliseconds interval)
Build info: version: '4.31.0', revision: '1ef9f18787*'
System info: os.name: 'Windows 11', os.arch: 'amd64', os.version: '10.0', java.version: '21.0.6'
Driver info: org.openqa.selenium.chrome.ChromeDriver
Capabilities {acceptInsecureCerts: false, browserName: chrome, browserVersion: 136.0.7103.49, chrome: {chromedriverVersion: 136.0.7103.49 (031848bc6ad0..., userDataDir: C:\Users\Lenovo\AppData\Loc...}, fedcm:accounts: true, goog:chromeOptions: {debuggerAddress: localhost:59853}, networkConnectionEnabled: false, pageLoadStrategy: normal, platformName: windows, proxy: Proxy(), se:cdp: ws://localhost:59853/devtoo..., se:cdpVersion: 136.0.7103.49, setWindowRect: true, strictFileInteractability: false, timeouts: {implicit: 0, pageLoad: 300000, script: 30000}, unhandledPromptBehavior: dismiss and notify, webauthn:extension:credBlob: true, webauthn:extension:largeBlob: true, webauthn:extension:minPinLength: true, webauthn:extension:prf: true, webauthn:virtualAuthenticators: true}
Session ID: 179ce50cfc52f9f26d1de11ddc0d9361
at org.openqa.selenium.support.ui.WebDriverWait.timeoutException(WebDriverWait.java:84)
at org.openqa.selenium.support.ui.FluentWait.until(FluentWait.java:228)
at com.Actions.FooterAction.getNOPText(FooterAction.java:28)
at com.Definitions.FooterDefinition.user_should_be_navigated_to_the_nop_commerce_official_website(FooterDefinition.java:34)
at ✽.User should be navigated to the nopCommerce official website(file:///C:/Users/Lenovo/git/DemoWebShop-Cucumber/src/test/resources/Features/Footer.feature:10)
]]>
    </error>
  </testcase> <!-- runScenario -->
  <testcase classname="com.Runner.runnerTestNG" name="runScenario" time="17.301"/>
  <testcase classname="com.Runner.runnerTestNG" name="runScenario" time="10.045">
    <error message="Unresolved compilation problem: 
	The method assertEquals(Integer, Integer) from the type Assert refers to the missing type Integer
" type="java.lang.Error">
      <![CDATA[java.lang.Error: Unresolved compilation problem: 
The method assertEquals(Integer, Integer) from the type Assert refers to the missing type Integer

at com.Definitions.Login_ForgetPasswordStepDefinition.the_login_result_should_be(Login_ForgetPasswordStepDefinition.java:82)
at ✽.the login result should be "No customer account found"(file:///C:/Users/Lenovo/git/DemoWebShop-Cucumber/src/test/resources/Features/Login.feature:9)
]]>
    </error>
  </testcase> <!-- runScenario -->
  <testcase classname="com.Runner.runnerTestNG" name="runScenario" time="10.191"/>
  <testcase classname="com.Runner.runnerTestNG" name="runScenario" time="11.243"/>
  <testcase classname="com.Runner.runnerTestNG" name="runScenario" time="6.373"/>
  <testcase classname="com.Runner.runnerTestNG" name="runScenario" time="17.133"/>
  <testcase classname="com.Runner.runnerTestNG" name="runScenario" time="25.835"/>
  <testcase classname="com.Runner.runnerTestNG" name="runScenario" time="9.482">
    <error message="Unresolved compilation problem: 
	The method assertEquals(Integer, Integer) from the type Assert refers to the missing type Integer
" type="java.lang.Error">
      <![CDATA[java.lang.Error: Unresolved compilation problem: 
The method assertEquals(Integer, Integer) from the type Assert refers to the missing type Integer

at com.Definitions.Login_ForgetPasswordStepDefinition.the_login_result_should_be(Login_ForgetPasswordStepDefinition.java:82)
at ✽.the login result should be "The credentials provided are incorrect"(file:///C:/Users/Lenovo/git/DemoWebShop-Cucumber/src/test/resources/Features/Login.feature:9)
]]>
    </error>
  </testcase> <!-- runScenario -->
  <testcase classname="com.Runner.runnerTestNG" name="runScenario" time="12.581"/>
  <testcase classname="com.Runner.runnerTestNG" name="runScenario" time="10.171">
    <error message="Unresolved compilation problem: 
	The method assertEquals(Integer, Integer) from the type Assert refers to the missing type Integer
" type="java.lang.Error">
      <![CDATA[java.lang.Error: Unresolved compilation problem: 
The method assertEquals(Integer, Integer) from the type Assert refers to the missing type Integer

at com.Definitions.Login_ForgetPasswordStepDefinition.the_login_result_should_be(Login_ForgetPasswordStepDefinition.java:82)
at ✽.the login result should be "The credentials provided are incorrect"(file:///C:/Users/Lenovo/git/DemoWebShop-Cucumber/src/test/resources/Features/Login.feature:9)
]]>
    </error>
  </testcase> <!-- runScenario -->
  <testcase classname="com.Runner.runnerTestNG" name="runScenario" time="7.637"/>
  <testcase classname="com.Runner.runnerTestNG" name="runScenario" time="7.899"/>
  <testcase classname="com.Runner.runnerTestNG" name="runScenario" time="9.850">
    <error message="Unresolved compilation problem: 
	The method assertEquals(Integer, Integer) from the type Assert refers to the missing type Integer
" type="java.lang.Error">
      <![CDATA[java.lang.Error: Unresolved compilation problem: 
The method assertEquals(Integer, Integer) from the type Assert refers to the missing type Integer

at com.Definitions.Login_ForgetPasswordStepDefinition.the_result_message_should_be(Login_ForgetPasswordStepDefinition.java:136)
at ✽.the result message should be "Wrong email"(file:///C:/Users/Lenovo/git/DemoWebShop-Cucumber/src/test/resources/Features/Login.feature:25)
]]>
    </error>
  </testcase> <!-- runScenario -->
  <testcase classname="com.Runner.runnerTestNG" name="runScenario" time="13.656"/>
  <testcase classname="com.Runner.runnerTestNG" name="runScenario" time="14.932"/>
  <testcase classname="com.Runner.runnerTestNG" name="runScenario" time="12.124"/>
  <testcase classname="com.Runner.runnerTestNG" name="runScenario" time="10.708">
    <error message="Unresolved compilation problem: 
	The method assertEquals(Integer, Integer) from the type Assert refers to the missing type Integer
" type="java.lang.Error">
      <![CDATA[java.lang.Error: Unresolved compilation problem: 
The method assertEquals(Integer, Integer) from the type Assert refers to the missing type Integer

at com.Definitions.Login_ForgetPasswordStepDefinition.the_result_message_should_be(Login_ForgetPasswordStepDefinition.java:136)
at ✽.the result message should be "Email with instructions has been sent to you."(file:///C:/Users/Lenovo/git/DemoWebShop-Cucumber/src/test/resources/Features/Login.feature:25)
]]>
    </error>
  </testcase> <!-- runScenario -->
  <testcase classname="com.Runner.runnerTestNG" name="runScenario" time="9.809">
    <error message="Unresolved compilation problem: 
	The method assertEquals(Integer, Integer) from the type Assert refers to the missing type Integer
" type="java.lang.Error">
      <![CDATA[java.lang.Error: Unresolved compilation problem: 
The method assertEquals(Integer, Integer) from the type Assert refers to the missing type Integer

at com.Definitions.Login_ForgetPasswordStepDefinition.the_result_message_should_be(Login_ForgetPasswordStepDefinition.java:136)
at ✽.the result message should be "Email not found."(file:///C:/Users/Lenovo/git/DemoWebShop-Cucumber/src/test/resources/Features/Login.feature:25)
]]>
    </error>
  </testcase> <!-- runScenario -->
  <testcase classname="com.Runner.runnerTestNG" name="runScenario" time="36.411"/>
  <testcase classname="com.Runner.runnerTestNG" name="runScenario" time="12.458"/>
  <testcase classname="com.Runner.runnerTestNG" name="runScenario" time="10.988"/>
  <testcase classname="com.Runner.runnerTestNG" name="runScenario" time="16.309"/>
  <testcase classname="com.Runner.runnerTestNG" name="runScenario" time="21.763"/>
  <testcase classname="com.Runner.runnerTestNG" name="runScenario" time="7.828"/>
  <testcase classname="com.Runner.runnerTestNG" name="runScenario" time="23.265"/>
  <testcase classname="com.Runner.runnerTestNG" name="runScenario" time="8.047"/>
  <testcase classname="com.Runner.runnerTestNG" name="runScenario" time="7.673"/>
  <testcase classname="com.Runner.runnerTestNG" name="runScenario" time="85.131"/>
  <testcase classname="com.Runner.runnerTestNG" name="runScenario" time="17.178"/>
  <testcase classname="com.Runner.runnerTestNG" name="runScenario" time="12.661"/>
  <testcase classname="com.Runner.runnerTestNG" name="runScenario" time="12.278"/>
  <testcase classname="com.Runner.runnerTestNG" name="runScenario" time="12.562"/>
  <testcase classname="com.Runner.runnerTestNG" name="runScenario" time="9.836">
    <error message="Unresolved compilation problem: 
	The method assertEquals(Integer, Integer) from the type Assert refers to the missing type Integer
" type="java.lang.Error">
      <![CDATA[java.lang.Error: Unresolved compilation problem: 
The method assertEquals(Integer, Integer) from the type Assert refers to the missing type Integer

at com.Definitions.Login_ForgetPasswordStepDefinition.the_login_result_should_be(Login_ForgetPasswordStepDefinition.java:82)
at ✽.the login result should be "abccy@gmail.com"(file:///C:/Users/Lenovo/git/DemoWebShop-Cucumber/src/test/resources/Features/Login.feature:9)
]]>
    </error>
  </testcase> <!-- runScenario -->
  <testcase classname="com.Runner.runnerTestNG" name="runScenario" time="11.169"/>
  <testcase classname="com.Runner.runnerTestNG" name="runScenario" time="12.267"/>
  <testcase classname="com.Runner.runnerTestNG" name="runScenario" time="7.551"/>
  <testcase classname="com.Runner.runnerTestNG" name="runScenario" time="10.902"/>
  <testcase classname="com.Runner.runnerTestNG" name="runScenario" time="52.890"/>
  <testcase classname="com.Runner.runnerTestNG" name="runScenario" time="17.326"/>
  <testcase classname="com.Runner.runnerTestNG" name="runScenario" time="21.375"/>
  <testcase classname="com.Runner.runnerTestNG" name="runScenario" time="19.681"/>
  <testcase classname="com.Runner.runnerTestNG" name="runScenario" time="7.840"/>
  <testcase classname="com.Runner.runnerTestNG" name="runScenario" time="18.260"/>
  <testcase classname="com.Runner.runnerTestNG" name="runScenario" time="14.677"/>
</testsuite> <!-- com.Runner.runnerTestNG -->
